<?xml version="1.0" encoding="UTF-8" standalone="yes"?><!DOCTYPE report PUBLIC "-//JACOCO//DTD Report 1.1//EN" "report.dtd"><report name="stringhold"><sessioninfo id="retsina-5.local-f4b4d3e7" start="1669203378668" dump="1669203379048"/><package name="com/kohlschutter/stringhold"><class name="com/kohlschutter/stringhold/IOSupplier" sourcefilename="IOSupplier.java"/><class name="com/kohlschutter/stringhold/LazyInitReader$KickstartPlaceholder" sourcefilename="LazyInitReader.java"><method name="&lt;init&gt;" desc="(Lcom/kohlschutter/stringhold/LazyInitReader;)V" line="141"><counter type="INSTRUCTION" missed="0" covered="7"/><counter type="LINE" missed="0" covered="1"/><counter type="COMPLEXITY" missed="0" covered="1"/><counter type="METHOD" missed="0" covered="1"/></method><method name="read" desc="([CII)I" line="144"><counter type="INSTRUCTION" missed="0" covered="8"/><counter type="LINE" missed="0" covered="1"/><counter type="COMPLEXITY" missed="0" covered="1"/><counter type="METHOD" missed="0" covered="1"/></method><method name="close" desc="()V" line="149"><counter type="INSTRUCTION" missed="0" covered="6"/><counter type="LINE" missed="0" covered="2"/><counter type="COMPLEXITY" missed="0" covered="1"/><counter type="METHOD" missed="0" covered="1"/></method><method name="read" desc="(Ljava/nio/CharBuffer;)I" line="154"><counter type="INSTRUCTION" missed="0" covered="6"/><counter type="LINE" missed="0" covered="1"/><counter type="COMPLEXITY" missed="0" covered="1"/><counter type="METHOD" missed="0" covered="1"/></method><method name="read" desc="()I" line="159"><counter type="INSTRUCTION" missed="0" covered="5"/><counter type="LINE" missed="0" covered="1"/><counter type="COMPLEXITY" missed="0" covered="1"/><counter type="METHOD" missed="0" covered="1"/></method><method name="read" desc="([C)I" line="164"><counter type="INSTRUCTION" missed="0" covered="6"/><counter type="LINE" missed="0" covered="1"/><counter type="COMPLEXITY" missed="0" covered="1"/><counter type="METHOD" missed="0" covered="1"/></method><method name="skip" desc="(J)J" line="169"><counter type="INSTRUCTION" missed="0" covered="6"/><counter type="LINE" missed="0" covered="1"/><counter type="COMPLEXITY" missed="0" covered="1"/><counter type="METHOD" missed="0" covered="1"/></method><method name="ready" desc="()Z" line="174"><counter type="INSTRUCTION" missed="0" covered="5"/><counter type="LINE" missed="0" covered="1"/><counter type="COMPLEXITY" missed="0" covered="1"/><counter type="METHOD" missed="0" covered="1"/></method><method name="markSupported" desc="()Z" line="180"><counter type="INSTRUCTION" missed="0" covered="8"/><counter type="LINE" missed="0" covered="3"/><counter type="COMPLEXITY" missed="0" covered="1"/><counter type="METHOD" missed="0" covered="1"/></method><method name="mark" desc="(I)V" line="188"><counter type="INSTRUCTION" missed="0" covered="6"/><counter type="LINE" missed="0" covered="2"/><counter type="COMPLEXITY" missed="0" covered="1"/><counter type="METHOD" missed="0" covered="1"/></method><method name="reset" desc="()V" line="193"><counter type="INSTRUCTION" missed="0" covered="5"/><counter type="LINE" missed="0" covered="2"/><counter type="COMPLEXITY" missed="0" covered="1"/><counter type="METHOD" missed="0" covered="1"/></method><counter type="INSTRUCTION" missed="0" covered="68"/><counter type="LINE" missed="0" covered="16"/><counter type="COMPLEXITY" missed="0" covered="11"/><counter type="METHOD" missed="0" covered="11"/><counter type="CLASS" missed="0" covered="1"/></class><class name="com/kohlschutter/stringhold/LazyInitReaderReleaseShim" sourcefilename="LazyInitReaderReleaseShim.java"><method name="&lt;init&gt;" desc="()V" line="24"><counter type="INSTRUCTION" missed="0" covered="3"/><counter type="LINE" missed="0" covered="1"/><counter type="COMPLEXITY" missed="0" covered="1"/><counter type="METHOD" missed="0" covered="1"/></method><method name="transferTo" desc="(Ljava/io/Writer;)J" line="35"><counter type="INSTRUCTION" missed="0" covered="5"/><counter type="LINE" missed="0" covered="1"/><counter type="COMPLEXITY" missed="0" covered="1"/><counter type="METHOD" missed="0" covered="1"/></method><counter type="INSTRUCTION" missed="0" covered="8"/><counter type="LINE" missed="0" covered="2"/><counter type="COMPLEXITY" missed="0" covered="2"/><counter type="METHOD" missed="0" covered="2"/><counter type="CLASS" missed="0" covered="1"/></class><class name="com/kohlschutter/stringhold/LazyInitReaderReleaseShim$KickstartPlaceholderReleaseShim" sourcefilename="LazyInitReaderReleaseShim.java"><method name="&lt;init&gt;" desc="(Lcom/kohlschutter/stringhold/LazyInitReaderReleaseShim;)V" line="25"><counter type="INSTRUCTION" missed="0" covered="6"/><counter type="LINE" missed="0" covered="1"/><counter type="COMPLEXITY" missed="0" covered="1"/><counter type="METHOD" missed="0" covered="1"/></method><method name="transferTo" desc="(Ljava/io/Writer;)J" line="29"><counter type="INSTRUCTION" missed="0" covered="6"/><counter type="LINE" missed="0" covered="1"/><counter type="COMPLEXITY" missed="0" covered="1"/><counter type="METHOD" missed="0" covered="1"/></method><counter type="INSTRUCTION" missed="0" covered="12"/><counter type="LINE" missed="0" covered="2"/><counter type="COMPLEXITY" missed="0" covered="2"/><counter type="METHOD" missed="0" covered="2"/><counter type="CLASS" missed="0" covered="1"/></class><class name="com/kohlschutter/stringhold/LimitedStringHolderScope" sourcefilename="LimitedStringHolderScope.java"><method name="&lt;init&gt;" desc="()V" line="42"><counter type="INSTRUCTION" missed="0" covered="6"/><counter type="LINE" missed="0" covered="2"/><counter type="COMPLEXITY" missed="0" covered="1"/><counter type="METHOD" missed="0" covered="1"/></method><method name="&lt;init&gt;" desc="(IILjava/lang/Runnable;)V" line="35"><counter type="INSTRUCTION" missed="0" covered="22"/><counter type="LINE" missed="0" covered="7"/><counter type="COMPLEXITY" missed="0" covered="1"/><counter type="METHOD" missed="0" covered="1"/></method><method name="withNoLimits" desc="()Lcom/kohlschutter/stringhold/LimitedStringHolderScope;" line="61"><counter type="INSTRUCTION" missed="0" covered="4"/><counter type="LINE" missed="0" covered="1"/><counter type="COMPLEXITY" missed="0" covered="1"/><counter type="METHOD" missed="0" covered="1"/></method><method name="withUpperLimitForMinimumLength" desc="(ILjava/lang/Runnable;)Lcom/kohlschutter/stringhold/LimitedStringHolderScope;" line="76"><counter type="INSTRUCTION" missed="0" covered="9"/><counter type="LINE" missed="0" covered="1"/><counter type="COMPLEXITY" missed="0" covered="1"/><counter type="METHOD" missed="0" covered="1"/></method><method name="withUpperLimitForExpectedLength" desc="(ILjava/lang/Runnable;)Lcom/kohlschutter/stringhold/LimitedStringHolderScope;" line="92"><counter type="INSTRUCTION" missed="0" covered="9"/><counter type="LINE" missed="0" covered="2"/><counter type="COMPLEXITY" missed="0" covered="1"/><counter type="METHOD" missed="0" covered="1"/></method><method name="withUpperLimitForMinimumAndExpectedLength" desc="(IILjava/lang/Runnable;)Lcom/kohlschutter/stringhold/LimitedStringHolderScope;" line="110"><counter type="INSTRUCTION" missed="0" covered="9"/><counter type="LINE" missed="0" covered="1"/><counter type="COMPLEXITY" missed="0" covered="1"/><counter type="METHOD" missed="0" covered="1"/></method><method name="getMinimumLength" desc="()I" line="121"><counter type="INSTRUCTION" missed="0" covered="4"/><counter type="LINE" missed="0" covered="1"/><counter type="COMPLEXITY" missed="0" covered="1"/><counter type="METHOD" missed="0" covered="1"/></method><method name="getExpectedLength" desc="()I" line="131"><counter type="INSTRUCTION" missed="0" covered="4"/><counter type="LINE" missed="0" covered="1"/><counter type="COMPLEXITY" missed="0" covered="1"/><counter type="METHOD" missed="0" covered="1"/></method><method name="add" desc="(Lcom/kohlschutter/stringhold/StringHolder;)V" line="136"><counter type="INSTRUCTION" missed="0" covered="24"/><counter type="BRANCH" missed="0" covered="4"/><counter type="LINE" missed="0" covered="5"/><counter type="COMPLEXITY" missed="0" covered="3"/><counter type="METHOD" missed="0" covered="1"/></method><method name="remove" desc="(Lcom/kohlschutter/stringhold/StringHolder;)V" line="146"><counter type="INSTRUCTION" missed="0" covered="15"/><counter type="LINE" missed="0" covered="3"/><counter type="COMPLEXITY" missed="0" covered="1"/><counter type="METHOD" missed="0" covered="1"/></method><method name="resizeBy" desc="(Lcom/kohlschutter/stringhold/StringHolder;II)V" line="152"><counter type="INSTRUCTION" missed="0" covered="22"/><counter type="BRANCH" missed="0" covered="4"/><counter type="LINE" missed="0" covered="5"/><counter type="COMPLEXITY" missed="0" covered="3"/><counter type="METHOD" missed="0" covered="1"/></method><counter type="INSTRUCTION" missed="0" covered="128"/><counter type="BRANCH" missed="0" covered="8"/><counter type="LINE" missed="0" covered="29"/><counter type="COMPLEXITY" missed="0" covered="15"/><counter type="METHOD" missed="0" covered="11"/><counter type="CLASS" missed="0" covered="1"/></class><class name="com/kohlschutter/stringhold/IOExceptionHandler$ExceptionResponse" sourcefilename="IOExceptionHandler.java"><method name="&lt;clinit&gt;" desc="()V" line="40"><counter type="INSTRUCTION" missed="0" covered="33"/><counter type="LINE" missed="0" covered="6"/><counter type="COMPLEXITY" missed="0" covered="1"/><counter type="METHOD" missed="0" covered="1"/></method><counter type="INSTRUCTION" missed="0" covered="33"/><counter type="LINE" missed="0" covered="6"/><counter type="COMPLEXITY" missed="0" covered="1"/><counter type="METHOD" missed="0" covered="1"/><counter type="CLASS" missed="0" covered="1"/></class><class name="com/kohlschutter/stringhold/CachedIOSupplier" sourcefilename="CachedIOSupplier.java"><method name="&lt;init&gt;" desc="(Ljava/lang/Object;Lcom/kohlschutter/stringhold/IOSupplier;)V" line="33"><counter type="INSTRUCTION" missed="0" covered="20"/><counter type="BRANCH" missed="0" covered="2"/><counter type="LINE" missed="0" covered="7"/><counter type="COMPLEXITY" missed="0" covered="2"/><counter type="METHOD" missed="0" covered="1"/></method><method name="get" desc="()Ljava/lang/Object;" line="60"><counter type="INSTRUCTION" missed="0" covered="19"/><counter type="BRANCH" missed="0" covered="2"/><counter type="LINE" missed="0" covered="5"/><counter type="COMPLEXITY" missed="0" covered="2"/><counter type="METHOD" missed="0" covered="1"/></method><counter type="INSTRUCTION" missed="0" covered="39"/><counter type="BRANCH" missed="0" covered="4"/><counter type="LINE" missed="0" covered="12"/><counter type="COMPLEXITY" missed="0" covered="4"/><counter type="METHOD" missed="0" covered="2"/><counter type="CLASS" missed="0" covered="1"/></class><class name="com/kohlschutter/stringhold/StringHolderScope" sourcefilename="StringHolderScope.java"><method name="resizeBy" desc="(Lcom/kohlschutter/stringhold/StringHolder;II)V" line="51"><counter type="INSTRUCTION" missed="0" covered="1"/><counter type="LINE" missed="0" covered="1"/><counter type="COMPLEXITY" missed="0" covered="1"/><counter type="METHOD" missed="0" covered="1"/></method><method name="setError" desc="(Lcom/kohlschutter/stringhold/StringHolder;)V" line="60"><counter type="INSTRUCTION" missed="0" covered="1"/><counter type="LINE" missed="0" covered="1"/><counter type="COMPLEXITY" missed="0" covered="1"/><counter type="METHOD" missed="0" covered="1"/></method><method name="clearError" desc="(Lcom/kohlschutter/stringhold/StringHolder;)V" line="68"><counter type="INSTRUCTION" missed="0" covered="1"/><counter type="LINE" missed="0" covered="1"/><counter type="COMPLEXITY" missed="0" covered="1"/><counter type="METHOD" missed="0" covered="1"/></method><counter type="INSTRUCTION" missed="0" covered="3"/><counter type="LINE" missed="0" covered="3"/><counter type="COMPLEXITY" missed="0" covered="3"/><counter type="METHOD" missed="0" covered="3"/><counter type="CLASS" missed="0" covered="1"/></class><class name="com/kohlschutter/stringhold/StringHolderSequence$StringSequenceReader" sourcefilename="StringHolderSequence.java"><method name="&lt;init&gt;" desc="(Ljava/util/Iterator;)V" line="323"><counter type="INSTRUCTION" missed="0" covered="12"/><counter type="LINE" missed="0" covered="5"/><counter type="COMPLEXITY" missed="0" covered="1"/><counter type="METHOD" missed="0" covered="1"/></method><method name="ensureOpen" desc="()V" line="336"><counter type="INSTRUCTION" missed="0" covered="9"/><counter type="BRANCH" missed="0" covered="2"/><counter type="LINE" missed="0" covered="3"/><counter type="COMPLEXITY" missed="0" covered="2"/><counter type="METHOD" missed="0" covered="1"/></method><method name="ready" desc="()Z" line="343"><counter type="INSTRUCTION" missed="0" covered="4"/><counter type="LINE" missed="0" covered="2"/><counter type="COMPLEXITY" missed="0" covered="1"/><counter type="METHOD" missed="0" covered="1"/></method><method name="close" desc="()V" line="349"><counter type="INSTRUCTION" missed="0" covered="7"/><counter type="BRANCH" missed="0" covered="2"/><counter type="LINE" missed="0" covered="3"/><counter type="COMPLEXITY" missed="0" covered="2"/><counter type="METHOD" missed="0" covered="1"/></method><method name="ensureObject" desc="()I" line="355"><counter type="INSTRUCTION" missed="0" covered="46"/><counter type="BRANCH" missed="0" covered="8"/><counter type="LINE" missed="0" covered="15"/><counter type="COMPLEXITY" missed="0" covered="5"/><counter type="METHOD" missed="0" covered="1"/></method><method name="read" desc="([CII)I" line="379"><counter type="INSTRUCTION" missed="0" covered="38"/><counter type="BRANCH" missed="0" covered="2"/><counter type="LINE" missed="0" covered="7"/><counter type="COMPLEXITY" missed="0" covered="2"/><counter type="METHOD" missed="0" covered="1"/></method><method name="read" desc="()I" line="392"><counter type="INSTRUCTION" missed="0" covered="18"/><counter type="BRANCH" missed="0" covered="2"/><counter type="LINE" missed="0" covered="4"/><counter type="COMPLEXITY" missed="0" covered="2"/><counter type="METHOD" missed="0" covered="1"/></method><counter type="INSTRUCTION" missed="0" covered="134"/><counter type="BRANCH" missed="0" covered="16"/><counter type="LINE" missed="0" covered="39"/><counter type="COMPLEXITY" missed="0" covered="15"/><counter type="METHOD" missed="0" covered="7"/><counter type="CLASS" missed="0" covered="1"/></class><class name="com/kohlschutter/stringhold/StringSequence" sourcefilename="StringSequence.java"><method name="&lt;init&gt;" desc="()V" line="31"><counter type="INSTRUCTION" missed="0" covered="3"/><counter type="LINE" missed="0" covered="2"/><counter type="COMPLEXITY" missed="0" covered="1"/><counter type="METHOD" missed="0" covered="1"/></method><method name="needsStringConversion" desc="(Lcom/kohlschutter/stringhold/StringHolder;)Z" line="36"><counter type="INSTRUCTION" missed="0" covered="2"/><counter type="LINE" missed="0" covered="1"/><counter type="COMPLEXITY" missed="0" covered="1"/><counter type="METHOD" missed="0" covered="1"/></method><counter type="INSTRUCTION" missed="0" covered="5"/><counter type="LINE" missed="0" covered="3"/><counter type="COMPLEXITY" missed="0" covered="2"/><counter type="METHOD" missed="0" covered="2"/><counter type="CLASS" missed="0" covered="1"/></class><class name="com/kohlschutter/stringhold/ReaderStringHolder" sourcefilename="ReaderStringHolder.java"><method name="&lt;init&gt;" desc="(IILcom/kohlschutter/stringhold/IOSupplier;Lcom/kohlschutter/stringhold/IOExceptionHandler;)V" line="49"><counter type="INSTRUCTION" missed="0" covered="15"/><counter type="LINE" missed="0" covered="4"/><counter type="COMPLEXITY" missed="0" covered="1"/><counter type="METHOD" missed="0" covered="1"/></method><method name="newReader" desc="()Ljava/io/Reader;" line="56"><counter type="INSTRUCTION" missed="0" covered="4"/><counter type="LINE" missed="0" covered="1"/><counter type="COMPLEXITY" missed="0" covered="1"/><counter type="METHOD" missed="0" covered="1"/></method><method name="appendToAndReturnLengthDefaultImpl" desc="(Ljava/lang/Appendable;)I" line="61"><counter type="INSTRUCTION" missed="0" covered="43"/><counter type="BRANCH" missed="0" covered="2"/><counter type="LINE" missed="0" covered="12"/><counter type="COMPLEXITY" missed="0" covered="2"/><counter type="METHOD" missed="0" covered="1"/></method><method name="appendToAndReturnLengthImpl" desc="(Ljava/io/Writer;)I" line="91"><counter type="INSTRUCTION" missed="0" covered="36"/><counter type="BRANCH" missed="0" covered="2"/><counter type="LINE" missed="0" covered="10"/><counter type="COMPLEXITY" missed="0" covered="2"/><counter type="METHOD" missed="0" covered="1"/></method><method name="appendToAndReturnLengthImpl" desc="(Ljava/lang/StringBuilder;)I" line="109"><counter type="INSTRUCTION" missed="0" covered="36"/><counter type="BRANCH" missed="0" covered="2"/><counter type="LINE" missed="0" covered="10"/><counter type="COMPLEXITY" missed="0" covered="2"/><counter type="METHOD" missed="0" covered="1"/></method><method name="appendToAndReturnLengthImpl" desc="(Ljava/lang/StringBuffer;)I" line="125"><counter type="INSTRUCTION" missed="0" covered="36"/><counter type="BRANCH" missed="0" covered="2"/><counter type="LINE" missed="0" covered="10"/><counter type="COMPLEXITY" missed="0" covered="2"/><counter type="METHOD" missed="0" covered="1"/></method><method name="handleIOExceptionOnAppendable" desc="(Ljava/lang/Appendable;Ljava/io/IOException;)I" line="144"><counter type="INSTRUCTION" missed="0" covered="60"/><counter type="BRANCH" missed="0" covered="5"/><counter type="LINE" missed="0" covered="18"/><counter type="COMPLEXITY" missed="0" covered="4"/><counter type="METHOD" missed="0" covered="1"/></method><method name="getString" desc="()Ljava/lang/String;" line="178"><counter type="INSTRUCTION" missed="0" covered="61"/><counter type="BRANCH" missed="0" covered="6"/><counter type="LINE" missed="0" covered="18"/><counter type="COMPLEXITY" missed="0" covered="5"/><counter type="METHOD" missed="0" covered="1"/></method><method name="readFully" desc="(Ljava/io/Reader;Ljava/lang/StringBuilder;)V" line="206"><counter type="INSTRUCTION" missed="0" covered="17"/><counter type="BRANCH" missed="0" covered="2"/><counter type="LINE" missed="0" covered="4"/><counter type="COMPLEXITY" missed="0" covered="2"/><counter type="METHOD" missed="0" covered="1"/></method><counter type="INSTRUCTION" missed="0" covered="308"/><counter type="BRANCH" missed="0" covered="21"/><counter type="LINE" missed="0" covered="87"/><counter type="COMPLEXITY" missed="0" covered="21"/><counter type="METHOD" missed="0" covered="9"/><counter type="CLASS" missed="0" covered="1"/></class><class name="com/kohlschutter/stringhold/FixedLengthSuppliedStringHolder" sourcefilename="FixedLengthSuppliedStringHolder.java"><method name="&lt;init&gt;" desc="(ILjava/util/function/Supplier;)V" line="26"><counter type="INSTRUCTION" missed="0" covered="9"/><counter type="LINE" missed="0" covered="3"/><counter type="COMPLEXITY" missed="0" covered="1"/><counter type="METHOD" missed="0" covered="1"/></method><method name="isLengthKnown" desc="()Z" line="32"><counter type="INSTRUCTION" missed="0" covered="2"/><counter type="LINE" missed="0" covered="1"/><counter type="COMPLEXITY" missed="0" covered="1"/><counter type="METHOD" missed="0" covered="1"/></method><method name="computeLength" desc="()I" line="37"><counter type="INSTRUCTION" missed="0" covered="3"/><counter type="LINE" missed="0" covered="1"/><counter type="COMPLEXITY" missed="0" covered="1"/><counter type="METHOD" missed="0" covered="1"/></method><method name="stringSanityCheck" desc="(Ljava/lang/String;)V" line="42"><counter type="INSTRUCTION" missed="0" covered="17"/><counter type="BRANCH" missed="0" covered="2"/><counter type="LINE" missed="0" covered="4"/><counter type="COMPLEXITY" missed="0" covered="2"/><counter type="METHOD" missed="0" covered="1"/></method><counter type="INSTRUCTION" missed="0" covered="31"/><counter type="BRANCH" missed="0" covered="2"/><counter type="LINE" missed="0" covered="9"/><counter type="COMPLEXITY" missed="0" covered="5"/><counter type="METHOD" missed="0" covered="4"/><counter type="CLASS" missed="0" covered="1"/></class><class name="com/kohlschutter/stringhold/CharSequenceReleaseShim" sourcefilename="CharSequenceReleaseShim.java"><method name="&lt;init&gt;" desc="()V" line="20"><counter type="INSTRUCTION" missed="0" covered="3"/><counter type="LINE" missed="0" covered="1"/><counter type="COMPLEXITY" missed="0" covered="1"/><counter type="METHOD" missed="0" covered="1"/></method><method name="isEmpty" desc="()Z" line="23"><counter type="INSTRUCTION" missed="0" covered="7"/><counter type="BRANCH" missed="0" covered="2"/><counter type="LINE" missed="0" covered="1"/><counter type="COMPLEXITY" missed="0" covered="2"/><counter type="METHOD" missed="0" covered="1"/></method><method name="isEmpty" desc="(Ljava/lang/CharSequence;)Z" line="27"><counter type="INSTRUCTION" missed="0" covered="3"/><counter type="LINE" missed="0" covered="1"/><counter type="COMPLEXITY" missed="0" covered="1"/><counter type="METHOD" missed="0" covered="1"/></method><counter type="INSTRUCTION" missed="0" covered="13"/><counter type="BRANCH" missed="0" covered="2"/><counter type="LINE" missed="0" covered="3"/><counter type="COMPLEXITY" missed="0" covered="4"/><counter type="METHOD" missed="0" covered="3"/><counter type="CLASS" missed="0" covered="1"/></class><class name="com/kohlschutter/stringhold/StringHolder" sourcefilename="StringHolder.java"><method name="&lt;init&gt;" desc="()V" line="63"><counter type="INSTRUCTION" missed="0" covered="4"/><counter type="LINE" missed="0" covered="2"/><counter type="COMPLEXITY" missed="0" covered="1"/><counter type="METHOD" missed="0" covered="1"/></method><method name="&lt;init&gt;" desc="(I)V" line="73"><counter type="INSTRUCTION" missed="0" covered="5"/><counter type="LINE" missed="0" covered="2"/><counter type="COMPLEXITY" missed="0" covered="1"/><counter type="METHOD" missed="0" covered="1"/></method><method name="&lt;init&gt;" desc="(II)V" line="54"><counter type="INSTRUCTION" missed="0" covered="24"/><counter type="BRANCH" missed="0" covered="2"/><counter type="LINE" missed="0" covered="8"/><counter type="COMPLEXITY" missed="0" covered="2"/><counter type="METHOD" missed="0" covered="1"/></method><method name="withSupplier" desc="(Ljava/util/function/Supplier;)Lcom/kohlschutter/stringhold/StringHolder;" line="101"><counter type="INSTRUCTION" missed="0" covered="4"/><counter type="LINE" missed="0" covered="1"/><counter type="COMPLEXITY" missed="0" covered="1"/><counter type="METHOD" missed="0" covered="1"/></method><method name="withSupplierMinimumLength" desc="(ILjava/util/function/Supplier;)Lcom/kohlschutter/stringhold/StringHolder;" line="114"><counter type="INSTRUCTION" missed="0" covered="7"/><counter type="LINE" missed="0" covered="1"/><counter type="COMPLEXITY" missed="0" covered="1"/><counter type="METHOD" missed="0" covered="1"/></method><method name="withSupplierExpectedLength" desc="(ILjava/util/function/Supplier;)Lcom/kohlschutter/stringhold/StringHolder;" line="128"><counter type="INSTRUCTION" missed="0" covered="7"/><counter type="LINE" missed="0" covered="1"/><counter type="COMPLEXITY" missed="0" covered="1"/><counter type="METHOD" missed="0" covered="1"/></method><method name="withSupplierMinimumAndExpectedLength" desc="(IILjava/util/function/Supplier;)Lcom/kohlschutter/stringhold/StringHolder;" line="143"><counter type="INSTRUCTION" missed="0" covered="7"/><counter type="LINE" missed="0" covered="1"/><counter type="COMPLEXITY" missed="0" covered="1"/><counter type="METHOD" missed="0" covered="1"/></method><method name="withSupplierFixedLength" desc="(ILjava/util/function/Supplier;)Lcom/kohlschutter/stringhold/StringHolder;" line="157"><counter type="INSTRUCTION" missed="0" covered="10"/><counter type="BRANCH" missed="0" covered="2"/><counter type="LINE" missed="0" covered="3"/><counter type="COMPLEXITY" missed="0" covered="2"/><counter type="METHOD" missed="0" covered="1"/></method><method name="withReaderSupplier" desc="(Lcom/kohlschutter/stringhold/IOSupplier;Lcom/kohlschutter/stringhold/IOExceptionHandler;)Lcom/kohlschutter/stringhold/StringHolder;" line="172"><counter type="INSTRUCTION" missed="0" covered="8"/><counter type="LINE" missed="0" covered="1"/><counter type="COMPLEXITY" missed="0" covered="1"/><counter type="METHOD" missed="0" covered="1"/></method><method name="withReaderSupplierMinimumLength" desc="(ILcom/kohlschutter/stringhold/IOSupplier;Lcom/kohlschutter/stringhold/IOExceptionHandler;)Lcom/kohlschutter/stringhold/StringHolder;" line="185"><counter type="INSTRUCTION" missed="0" covered="8"/><counter type="LINE" missed="0" covered="1"/><counter type="COMPLEXITY" missed="0" covered="1"/><counter type="METHOD" missed="0" covered="1"/></method><method name="withReaderSupplierExpectedLength" desc="(ILcom/kohlschutter/stringhold/IOSupplier;Lcom/kohlschutter/stringhold/IOExceptionHandler;)Lcom/kohlschutter/stringhold/StringHolder;" line="198"><counter type="INSTRUCTION" missed="0" covered="8"/><counter type="LINE" missed="0" covered="1"/><counter type="COMPLEXITY" missed="0" covered="1"/><counter type="METHOD" missed="0" covered="1"/></method><method name="withReaderSupplierMinimumAndExpectedLength" desc="(IILcom/kohlschutter/stringhold/IOSupplier;Lcom/kohlschutter/stringhold/IOExceptionHandler;)Lcom/kohlschutter/stringhold/StringHolder;" line="212"><counter type="INSTRUCTION" missed="0" covered="8"/><counter type="LINE" missed="0" covered="1"/><counter type="COMPLEXITY" missed="0" covered="1"/><counter type="METHOD" missed="0" covered="1"/></method><method name="withContent" desc="(Ljava/lang/Object;)Lcom/kohlschutter/stringhold/StringHolder;" line="225"><counter type="INSTRUCTION" missed="0" covered="48"/><counter type="BRANCH" missed="0" covered="14"/><counter type="LINE" missed="0" covered="16"/><counter type="COMPLEXITY" missed="0" covered="8"/><counter type="METHOD" missed="0" covered="1"/></method><method name="getMinimumLength" desc="()I" line="262"><counter type="INSTRUCTION" missed="0" covered="3"/><counter type="LINE" missed="0" covered="1"/><counter type="COMPLEXITY" missed="0" covered="1"/><counter type="METHOD" missed="0" covered="1"/></method><method name="getExpectedLength" desc="()I" line="274"><counter type="INSTRUCTION" missed="0" covered="3"/><counter type="LINE" missed="0" covered="1"/><counter type="COMPLEXITY" missed="0" covered="1"/><counter type="METHOD" missed="0" covered="1"/></method><method name="resizeTo" desc="(II)I" line="288"><counter type="INSTRUCTION" missed="0" covered="6"/><counter type="LINE" missed="0" covered="1"/><counter type="COMPLEXITY" missed="0" covered="1"/><counter type="METHOD" missed="0" covered="1"/></method><method name="resizeTo" desc="(IIZ)I" line="292"><counter type="INSTRUCTION" missed="0" covered="73"/><counter type="BRANCH" missed="0" covered="8"/><counter type="LINE" missed="0" covered="19"/><counter type="COMPLEXITY" missed="0" covered="5"/><counter type="METHOD" missed="0" covered="1"/></method><method name="resizeBy" desc="(II)V" line="337"><counter type="INSTRUCTION" missed="0" covered="68"/><counter type="BRANCH" missed="0" covered="8"/><counter type="LINE" missed="0" covered="17"/><counter type="COMPLEXITY" missed="0" covered="5"/><counter type="METHOD" missed="0" covered="1"/></method><method name="length" desc="()I" line="371"><counter type="INSTRUCTION" missed="0" covered="12"/><counter type="BRANCH" missed="0" covered="2"/><counter type="LINE" missed="0" covered="3"/><counter type="COMPLEXITY" missed="0" covered="2"/><counter type="METHOD" missed="0" covered="1"/></method><method name="computeLength" desc="()I" line="388"><counter type="INSTRUCTION" missed="0" covered="4"/><counter type="LINE" missed="0" covered="1"/><counter type="COMPLEXITY" missed="0" covered="1"/><counter type="METHOD" missed="0" covered="1"/></method><method name="isString" desc="()Z" line="397"><counter type="INSTRUCTION" missed="0" covered="7"/><counter type="BRANCH" missed="0" covered="2"/><counter type="LINE" missed="0" covered="1"/><counter type="COMPLEXITY" missed="0" covered="2"/><counter type="METHOD" missed="0" covered="1"/></method><method name="isKnownEmpty" desc="()Z" line="406"><counter type="INSTRUCTION" missed="0" covered="25"/><counter type="BRANCH" missed="0" covered="10"/><counter type="LINE" missed="0" covered="5"/><counter type="COMPLEXITY" missed="0" covered="6"/><counter type="METHOD" missed="0" covered="1"/></method><method name="isEmpty" desc="()Z" line="419"><counter type="INSTRUCTION" missed="0" covered="10"/><counter type="BRANCH" missed="0" covered="4"/><counter type="LINE" missed="0" covered="1"/><counter type="COMPLEXITY" missed="0" covered="3"/><counter type="METHOD" missed="0" covered="1"/></method><method name="isLengthKnown" desc="()Z" line="434"><counter type="INSTRUCTION" missed="0" covered="3"/><counter type="LINE" missed="0" covered="1"/><counter type="COMPLEXITY" missed="0" covered="1"/><counter type="METHOD" missed="0" covered="1"/></method><method name="hashCode" desc="()I" line="439"><counter type="INSTRUCTION" missed="0" covered="4"/><counter type="LINE" missed="0" covered="1"/><counter type="COMPLEXITY" missed="0" covered="1"/><counter type="METHOD" missed="0" covered="1"/></method><method name="equals" desc="(Ljava/lang/Object;)Z" line="445"><counter type="INSTRUCTION" missed="0" covered="27"/><counter type="BRANCH" missed="0" covered="8"/><counter type="LINE" missed="0" covered="9"/><counter type="COMPLEXITY" missed="0" covered="5"/><counter type="METHOD" missed="0" covered="1"/></method><method name="equalsString" desc="(Ljava/lang/String;)Z" line="459"><counter type="INSTRUCTION" missed="0" covered="15"/><counter type="BRANCH" missed="0" covered="4"/><counter type="LINE" missed="0" covered="3"/><counter type="COMPLEXITY" missed="0" covered="3"/><counter type="METHOD" missed="0" covered="1"/></method><method name="equalsStringHolder" desc="(Lcom/kohlschutter/stringhold/StringHolder;)Z" line="467"><counter type="INSTRUCTION" missed="0" covered="31"/><counter type="BRANCH" missed="0" covered="12"/><counter type="LINE" missed="0" covered="7"/><counter type="COMPLEXITY" missed="0" covered="7"/><counter type="METHOD" missed="0" covered="1"/></method><method name="appendTo" desc="(Ljava/lang/Appendable;)V" line="488"><counter type="INSTRUCTION" missed="0" covered="5"/><counter type="LINE" missed="0" covered="2"/><counter type="COMPLEXITY" missed="0" covered="1"/><counter type="METHOD" missed="0" covered="1"/></method><method name="appendTo" desc="(Ljava/lang/StringBuilder;)V" line="498"><counter type="INSTRUCTION" missed="0" covered="5"/><counter type="LINE" missed="0" covered="2"/><counter type="COMPLEXITY" missed="0" covered="1"/><counter type="METHOD" missed="0" covered="1"/></method><method name="appendTo" desc="(Ljava/lang/StringBuffer;)V" line="508"><counter type="INSTRUCTION" missed="0" covered="5"/><counter type="LINE" missed="0" covered="2"/><counter type="COMPLEXITY" missed="0" covered="1"/><counter type="METHOD" missed="0" covered="1"/></method><method name="appendTo" desc="(Ljava/io/Writer;)V" line="519"><counter type="INSTRUCTION" missed="0" covered="5"/><counter type="LINE" missed="0" covered="2"/><counter type="COMPLEXITY" missed="0" covered="1"/><counter type="METHOD" missed="0" covered="1"/></method><method name="appendToAndReturnLength" desc="(Ljava/lang/Appendable;)I" line="532"><counter type="INSTRUCTION" missed="0" covered="28"/><counter type="BRANCH" missed="0" covered="6"/><counter type="LINE" missed="0" covered="7"/><counter type="COMPLEXITY" missed="0" covered="4"/><counter type="METHOD" missed="0" covered="1"/></method><method name="appendToAndReturnLength" desc="(Ljava/lang/StringBuilder;)I" line="553"><counter type="INSTRUCTION" missed="0" covered="27"/><counter type="BRANCH" missed="0" covered="4"/><counter type="LINE" missed="0" covered="7"/><counter type="COMPLEXITY" missed="0" covered="3"/><counter type="METHOD" missed="0" covered="1"/></method><method name="appendToAndReturnLength" desc="(Ljava/lang/StringBuffer;)I" line="575"><counter type="INSTRUCTION" missed="0" covered="27"/><counter type="BRANCH" missed="0" covered="4"/><counter type="LINE" missed="0" covered="7"/><counter type="COMPLEXITY" missed="0" covered="3"/><counter type="METHOD" missed="0" covered="1"/></method><method name="appendToAndReturnLength" desc="(Ljava/io/Writer;)I" line="598"><counter type="INSTRUCTION" missed="0" covered="27"/><counter type="BRANCH" missed="0" covered="4"/><counter type="LINE" missed="0" covered="7"/><counter type="COMPLEXITY" missed="0" covered="3"/><counter type="METHOD" missed="0" covered="1"/></method><method name="appendToAndReturnLengthDefaultImpl" desc="(Ljava/lang/Appendable;)I" line="624"><counter type="INSTRUCTION" missed="0" covered="10"/><counter type="LINE" missed="0" covered="3"/><counter type="COMPLEXITY" missed="0" covered="1"/><counter type="METHOD" missed="0" covered="1"/></method><method name="appendToAndReturnLengthImpl" desc="(Ljava/lang/StringBuilder;)I" line="638"><counter type="INSTRUCTION" missed="0" covered="10"/><counter type="LINE" missed="0" covered="3"/><counter type="COMPLEXITY" missed="0" covered="1"/><counter type="METHOD" missed="0" covered="1"/></method><method name="appendToAndReturnLengthImpl" desc="(Ljava/lang/StringBuffer;)I" line="652"><counter type="INSTRUCTION" missed="0" covered="10"/><counter type="LINE" missed="0" covered="3"/><counter type="COMPLEXITY" missed="0" covered="1"/><counter type="METHOD" missed="0" covered="1"/></method><method name="appendToAndReturnLengthImpl" desc="(Ljava/io/Writer;)I" line="668"><counter type="INSTRUCTION" missed="0" covered="4"/><counter type="LINE" missed="0" covered="1"/><counter type="COMPLEXITY" missed="0" covered="1"/><counter type="METHOD" missed="0" covered="1"/></method><method name="appendToAndReturnLengthDefault" desc="(Ljava/lang/Appendable;)I" line="673"><counter type="INSTRUCTION" missed="0" covered="27"/><counter type="BRANCH" missed="0" covered="4"/><counter type="LINE" missed="0" covered="7"/><counter type="COMPLEXITY" missed="0" covered="3"/><counter type="METHOD" missed="0" covered="1"/></method><method name="toString" desc="()Ljava/lang/String;" line="687"><counter type="INSTRUCTION" missed="0" covered="27"/><counter type="BRANCH" missed="0" covered="2"/><counter type="LINE" missed="0" covered="7"/><counter type="COMPLEXITY" missed="0" covered="2"/><counter type="METHOD" missed="0" covered="1"/></method><method name="stringSanityCheck" desc="(Ljava/lang/String;)V" line="705"><counter type="INSTRUCTION" missed="0" covered="1"/><counter type="LINE" missed="0" covered="1"/><counter type="COMPLEXITY" missed="0" covered="1"/><counter type="METHOD" missed="0" covered="1"/></method><method name="uncache" desc="()V" line="718"><counter type="INSTRUCTION" missed="0" covered="4"/><counter type="LINE" missed="0" covered="2"/><counter type="COMPLEXITY" missed="0" covered="1"/><counter type="METHOD" missed="0" covered="1"/></method><method name="toReader" desc="()Ljava/io/Reader;" line="728"><counter type="INSTRUCTION" missed="0" covered="13"/><counter type="BRANCH" missed="0" covered="2"/><counter type="LINE" missed="0" covered="4"/><counter type="COMPLEXITY" missed="0" covered="2"/><counter type="METHOD" missed="0" covered="1"/></method><method name="checkError" desc="()Z" line="744"><counter type="INSTRUCTION" missed="0" covered="3"/><counter type="LINE" missed="0" covered="1"/><counter type="COMPLEXITY" missed="0" covered="1"/><counter type="METHOD" missed="0" covered="1"/></method><method name="setError" desc="()V" line="754"><counter type="INSTRUCTION" missed="0" covered="12"/><counter type="BRANCH" missed="0" covered="2"/><counter type="LINE" missed="0" covered="5"/><counter type="COMPLEXITY" missed="0" covered="2"/><counter type="METHOD" missed="0" covered="1"/></method><method name="clearError" desc="()V" line="768"><counter type="INSTRUCTION" missed="0" covered="12"/><counter type="BRANCH" missed="0" covered="2"/><counter type="LINE" missed="0" covered="5"/><counter type="COMPLEXITY" missed="0" covered="2"/><counter type="METHOD" missed="0" covered="1"/></method><method name="newReader" desc="()Ljava/io/Reader;" line="782"><counter type="INSTRUCTION" missed="0" covered="4"/><counter type="LINE" missed="0" covered="1"/><counter type="COMPLEXITY" missed="0" covered="1"/><counter type="METHOD" missed="0" covered="1"/></method><method name="getScope" desc="()Lcom/kohlschutter/stringhold/StringHolderScope;" line="792"><counter type="INSTRUCTION" missed="0" covered="3"/><counter type="LINE" missed="0" covered="1"/><counter type="COMPLEXITY" missed="0" covered="1"/><counter type="METHOD" missed="0" covered="1"/></method><method name="updateScope" desc="(Lcom/kohlschutter/stringhold/StringHolderScope;)Lcom/kohlschutter/stringhold/StringHolderScope;" line="803"><counter type="INSTRUCTION" missed="0" covered="30"/><counter type="BRANCH" missed="0" covered="4"/><counter type="LINE" missed="0" covered="15"/><counter type="COMPLEXITY" missed="0" covered="3"/><counter type="METHOD" missed="0" covered="1"/></method><method name="charAt" desc="(I)C" line="827"><counter type="INSTRUCTION" missed="0" covered="5"/><counter type="LINE" missed="0" covered="1"/><counter type="COMPLEXITY" missed="0" covered="1"/><counter type="METHOD" missed="0" covered="1"/></method><method name="subSequence" desc="(II)Ljava/lang/CharSequence;" line="832"><counter type="INSTRUCTION" missed="0" covered="14"/><counter type="BRANCH" missed="0" covered="4"/><counter type="LINE" missed="0" covered="3"/><counter type="COMPLEXITY" missed="0" covered="3"/><counter type="METHOD" missed="0" covered="1"/></method><method name="lambda$newReader$0" desc="()Ljava/io/Reader;" line="782"><counter type="INSTRUCTION" missed="0" covered="6"/><counter type="LINE" missed="0" covered="1"/><counter type="COMPLEXITY" missed="0" covered="1"/><counter type="METHOD" missed="0" covered="1"/></method><counter type="INSTRUCTION" missed="0" covered="763"/><counter type="BRANCH" missed="0" covered="114"/><counter type="LINE" missed="0" covered="209"/><counter type="COMPLEXITY" missed="0" covered="111"/><counter type="METHOD" missed="0" covered="54"/><counter type="CLASS" missed="0" covered="1"/></class><class name="com/kohlschutter/stringhold/LazyInitReader" sourcefilename="LazyInitReader.java"><method name="&lt;init&gt;" desc="(Lcom/kohlschutter/stringhold/IOSupplier;)V" line="35"><counter type="INSTRUCTION" missed="0" covered="18"/><counter type="LINE" missed="0" covered="5"/><counter type="COMPLEXITY" missed="0" covered="1"/><counter type="METHOD" missed="0" covered="1"/></method><method name="withSupplier" desc="(Ljava/util/function/Supplier;)Lcom/kohlschutter/stringhold/LazyInitReader;" line="53"><counter type="INSTRUCTION" missed="0" covered="6"/><counter type="LINE" missed="0" covered="1"/><counter type="COMPLEXITY" missed="0" covered="1"/><counter type="METHOD" missed="0" covered="1"/></method><method name="withIOSupplier" desc="(Lcom/kohlschutter/stringhold/IOSupplier;)Lcom/kohlschutter/stringhold/LazyInitReader;" line="64"><counter type="INSTRUCTION" missed="0" covered="5"/><counter type="LINE" missed="0" covered="1"/><counter type="COMPLEXITY" missed="0" covered="1"/><counter type="METHOD" missed="0" covered="1"/></method><method name="isInitialized" desc="()Z" line="75"><counter type="INSTRUCTION" missed="0" covered="8"/><counter type="BRANCH" missed="0" covered="2"/><counter type="LINE" missed="0" covered="1"/><counter type="COMPLEXITY" missed="0" covered="2"/><counter type="METHOD" missed="0" covered="1"/></method><method name="init" desc="()Ljava/io/Reader;" line="80"><counter type="INSTRUCTION" missed="0" covered="17"/><counter type="BRANCH" missed="0" covered="2"/><counter type="LINE" missed="0" covered="3"/><counter type="COMPLEXITY" missed="0" covered="2"/><counter type="METHOD" missed="0" covered="1"/></method><method name="currentReader" desc="()Ljava/io/Reader;" line="88"><counter type="INSTRUCTION" missed="0" covered="3"/><counter type="LINE" missed="0" covered="1"/><counter type="COMPLEXITY" missed="0" covered="1"/><counter type="METHOD" missed="0" covered="1"/></method><method name="read" desc="(Ljava/nio/CharBuffer;)I" line="93"><counter type="INSTRUCTION" missed="0" covered="5"/><counter type="LINE" missed="0" covered="1"/><counter type="COMPLEXITY" missed="0" covered="1"/><counter type="METHOD" missed="0" covered="1"/></method><method name="read" desc="()I" line="98"><counter type="INSTRUCTION" missed="0" covered="4"/><counter type="LINE" missed="0" covered="1"/><counter type="COMPLEXITY" missed="0" covered="1"/><counter type="METHOD" missed="0" covered="1"/></method><method name="read" desc="([C)I" line="103"><counter type="INSTRUCTION" missed="0" covered="5"/><counter type="LINE" missed="0" covered="1"/><counter type="COMPLEXITY" missed="0" covered="1"/><counter type="METHOD" missed="0" covered="1"/></method><method name="read" desc="([CII)I" line="108"><counter type="INSTRUCTION" missed="0" covered="7"/><counter type="LINE" missed="0" covered="1"/><counter type="COMPLEXITY" missed="0" covered="1"/><counter type="METHOD" missed="0" covered="1"/></method><method name="skip" desc="(J)J" line="113"><counter type="INSTRUCTION" missed="0" covered="5"/><counter type="LINE" missed="0" covered="1"/><counter type="COMPLEXITY" missed="0" covered="1"/><counter type="METHOD" missed="0" covered="1"/></method><method name="ready" desc="()Z" line="118"><counter type="INSTRUCTION" missed="0" covered="4"/><counter type="LINE" missed="0" covered="1"/><counter type="COMPLEXITY" missed="0" covered="1"/><counter type="METHOD" missed="0" covered="1"/></method><method name="markSupported" desc="()Z" line="123"><counter type="INSTRUCTION" missed="0" covered="4"/><counter type="LINE" missed="0" covered="1"/><counter type="COMPLEXITY" missed="0" covered="1"/><counter type="METHOD" missed="0" covered="1"/></method><method name="mark" desc="(I)V" line="128"><counter type="INSTRUCTION" missed="0" covered="5"/><counter type="LINE" missed="0" covered="2"/><counter type="COMPLEXITY" missed="0" covered="1"/><counter type="METHOD" missed="0" covered="1"/></method><method name="reset" desc="()V" line="133"><counter type="INSTRUCTION" missed="0" covered="4"/><counter type="LINE" missed="0" covered="2"/><counter type="COMPLEXITY" missed="0" covered="1"/><counter type="METHOD" missed="0" covered="1"/></method><method name="close" desc="()V" line="138"><counter type="INSTRUCTION" missed="0" covered="4"/><counter type="LINE" missed="0" covered="2"/><counter type="COMPLEXITY" missed="0" covered="1"/><counter type="METHOD" missed="0" covered="1"/></method><method name="lambda$withSupplier$0" desc="(Ljava/util/function/Supplier;)Ljava/io/Reader;" line="53"><counter type="INSTRUCTION" missed="0" covered="4"/><counter type="LINE" missed="0" covered="1"/><counter type="COMPLEXITY" missed="0" covered="1"/><counter type="METHOD" missed="0" covered="1"/></method><counter type="INSTRUCTION" missed="0" covered="108"/><counter type="BRANCH" missed="0" covered="4"/><counter type="LINE" missed="0" covered="25"/><counter type="COMPLEXITY" missed="0" covered="19"/><counter type="METHOD" missed="0" covered="17"/><counter type="CLASS" missed="0" covered="1"/></class><class name="com/kohlschutter/stringhold/SuppliedStringHolder" sourcefilename="SuppliedStringHolder.java"><method name="&lt;init&gt;" desc="(IILjava/util/function/Supplier;)V" line="26"><counter type="INSTRUCTION" missed="0" covered="8"/><counter type="LINE" missed="0" covered="3"/><counter type="COMPLEXITY" missed="0" covered="1"/><counter type="METHOD" missed="0" covered="1"/></method><method name="getString" desc="()Ljava/lang/String;" line="32"><counter type="INSTRUCTION" missed="0" covered="10"/><counter type="BRANCH" missed="0" covered="2"/><counter type="LINE" missed="0" covered="1"/><counter type="COMPLEXITY" missed="0" covered="2"/><counter type="METHOD" missed="0" covered="1"/></method><counter type="INSTRUCTION" missed="0" covered="18"/><counter type="BRANCH" missed="0" covered="2"/><counter type="LINE" missed="0" covered="4"/><counter type="COMPLEXITY" missed="0" covered="3"/><counter type="METHOD" missed="0" covered="2"/><counter type="CLASS" missed="0" covered="1"/></class><class name="com/kohlschutter/stringhold/StringHolderSequence" sourcefilename="StringHolderSequence.java"><method name="&lt;init&gt;" desc="()V" line="34"><counter type="INSTRUCTION" missed="0" covered="9"/><counter type="LINE" missed="0" covered="3"/><counter type="COMPLEXITY" missed="0" covered="1"/><counter type="METHOD" missed="0" covered="1"/></method><method name="addSequence" desc="(Ljava/lang/String;)V" line="44"><counter type="INSTRUCTION" missed="0" covered="18"/><counter type="BRANCH" missed="0" covered="2"/><counter type="LINE" missed="0" covered="7"/><counter type="COMPLEXITY" missed="0" covered="2"/><counter type="METHOD" missed="0" covered="1"/></method><method name="addSequence" desc="(Lcom/kohlschutter/stringhold/StringHolder;II)V" line="55"><counter type="INSTRUCTION" missed="0" covered="21"/><counter type="BRANCH" missed="0" covered="2"/><counter type="LINE" missed="0" covered="7"/><counter type="COMPLEXITY" missed="0" covered="2"/><counter type="METHOD" missed="0" covered="1"/></method><method name="needsStringConversion" desc="(Lcom/kohlschutter/stringhold/StringHolder;)Z" line="77"><counter type="INSTRUCTION" missed="0" covered="2"/><counter type="LINE" missed="0" covered="1"/><counter type="COMPLEXITY" missed="0" covered="1"/><counter type="METHOD" missed="0" covered="1"/></method><method name="append" desc="(Ljava/lang/CharSequence;II)Lcom/kohlschutter/stringhold/StringHolderSequence;" line="82"><counter type="INSTRUCTION" missed="0" covered="50"/><counter type="BRANCH" missed="0" covered="8"/><counter type="LINE" missed="0" covered="10"/><counter type="COMPLEXITY" missed="0" covered="5"/><counter type="METHOD" missed="0" covered="1"/></method><method name="append" desc="(C)Lcom/kohlschutter/stringhold/StringHolderSequence;" line="100"><counter type="INSTRUCTION" missed="0" covered="6"/><counter type="LINE" missed="0" covered="2"/><counter type="COMPLEXITY" missed="0" covered="1"/><counter type="METHOD" missed="0" covered="1"/></method><method name="append" desc="(Ljava/lang/String;)Lcom/kohlschutter/stringhold/StringHolderSequence;" line="111"><counter type="INSTRUCTION" missed="0" covered="5"/><counter type="LINE" missed="0" covered="2"/><counter type="COMPLEXITY" missed="0" covered="1"/><counter type="METHOD" missed="0" covered="1"/></method><method name="append" desc="(Lcom/kohlschutter/stringhold/StringHolder;)Lcom/kohlschutter/stringhold/StringHolderSequence;" line="122"><counter type="INSTRUCTION" missed="0" covered="12"/><counter type="BRANCH" missed="0" covered="2"/><counter type="LINE" missed="0" covered="3"/><counter type="COMPLEXITY" missed="0" covered="2"/><counter type="METHOD" missed="0" covered="1"/></method><method name="append" desc="(Ljava/lang/CharSequence;)Lcom/kohlschutter/stringhold/StringHolderSequence;" line="135"><counter type="INSTRUCTION" missed="0" covered="11"/><counter type="BRANCH" missed="0" covered="2"/><counter type="LINE" missed="0" covered="4"/><counter type="COMPLEXITY" missed="0" covered="2"/><counter type="METHOD" missed="0" covered="1"/></method><method name="appendAll" desc="([Ljava/lang/Object;)Lcom/kohlschutter/stringhold/StringHolderSequence;" line="149"><counter type="INSTRUCTION" missed="0" covered="25"/><counter type="BRANCH" missed="0" covered="2"/><counter type="LINE" missed="0" covered="4"/><counter type="COMPLEXITY" missed="0" covered="2"/><counter type="METHOD" missed="0" covered="1"/></method><method name="appendAll" desc="(Ljava/lang/Iterable;)Lcom/kohlschutter/stringhold/StringHolderSequence;" line="164"><counter type="INSTRUCTION" missed="0" covered="19"/><counter type="BRANCH" missed="0" covered="2"/><counter type="LINE" missed="0" covered="5"/><counter type="COMPLEXITY" missed="0" covered="2"/><counter type="METHOD" missed="0" covered="1"/></method><method name="append" desc="(Ljava/lang/Object;)Lcom/kohlschutter/stringhold/StringHolderSequence;" line="181"><counter type="INSTRUCTION" missed="0" covered="29"/><counter type="BRANCH" missed="0" covered="6"/><counter type="LINE" missed="0" covered="7"/><counter type="COMPLEXITY" missed="0" covered="4"/><counter type="METHOD" missed="0" covered="1"/></method><method name="appendToAndReturnLengthDefaultImpl" desc="(Ljava/lang/Appendable;)I" line="194"><counter type="INSTRUCTION" missed="0" covered="44"/><counter type="BRANCH" missed="0" covered="6"/><counter type="LINE" missed="0" covered="13"/><counter type="COMPLEXITY" missed="0" covered="4"/><counter type="METHOD" missed="0" covered="1"/></method><method name="appendToAndReturnLengthImpl" desc="(Ljava/lang/StringBuilder;)I" line="214"><counter type="INSTRUCTION" missed="0" covered="51"/><counter type="BRANCH" missed="0" covered="6"/><counter type="LINE" missed="0" covered="14"/><counter type="COMPLEXITY" missed="0" covered="4"/><counter type="METHOD" missed="0" covered="1"/></method><method name="appendToAndReturnLengthImpl" desc="(Ljava/lang/StringBuffer;)I" line="236"><counter type="INSTRUCTION" missed="0" covered="51"/><counter type="BRANCH" missed="0" covered="6"/><counter type="LINE" missed="0" covered="14"/><counter type="COMPLEXITY" missed="0" covered="4"/><counter type="METHOD" missed="0" covered="1"/></method><method name="appendToFlatList" desc="(Ljava/util/List;)I" line="264"><counter type="INSTRUCTION" missed="0" covered="58"/><counter type="BRANCH" missed="0" covered="8"/><counter type="LINE" missed="0" covered="16"/><counter type="COMPLEXITY" missed="0" covered="5"/><counter type="METHOD" missed="0" covered="1"/></method><method name="getString" desc="()Ljava/lang/String;" line="289"><counter type="INSTRUCTION" missed="0" covered="33"/><counter type="BRANCH" missed="0" covered="2"/><counter type="LINE" missed="0" covered="9"/><counter type="COMPLEXITY" missed="0" covered="2"/><counter type="METHOD" missed="0" covered="1"/></method><method name="newReader" desc="()Ljava/io/Reader;" line="309"><counter type="INSTRUCTION" missed="0" covered="33"/><counter type="BRANCH" missed="0" covered="4"/><counter type="LINE" missed="0" covered="7"/><counter type="COMPLEXITY" missed="0" covered="3"/><counter type="METHOD" missed="0" covered="1"/></method><counter type="INSTRUCTION" missed="0" covered="477"/><counter type="BRANCH" missed="0" covered="58"/><counter type="LINE" missed="0" covered="128"/><counter type="COMPLEXITY" missed="0" covered="47"/><counter type="METHOD" missed="0" covered="18"/><counter type="CLASS" missed="0" covered="1"/></class><class name="com/kohlschutter/stringhold/SimpleStringHolder" sourcefilename="SimpleStringHolder.java"><method name="&lt;init&gt;" desc="(Ljava/lang/String;)V" line="31"><counter type="INSTRUCTION" missed="0" covered="8"/><counter type="LINE" missed="0" covered="3"/><counter type="COMPLEXITY" missed="0" covered="1"/><counter type="METHOD" missed="0" covered="1"/></method><method name="&lt;clinit&gt;" desc="()V" line="28"><counter type="INSTRUCTION" missed="0" covered="6"/><counter type="LINE" missed="0" covered="1"/><counter type="COMPLEXITY" missed="0" covered="1"/><counter type="METHOD" missed="0" covered="1"/></method><counter type="INSTRUCTION" missed="0" covered="14"/><counter type="LINE" missed="0" covered="4"/><counter type="COMPLEXITY" missed="0" covered="2"/><counter type="METHOD" missed="0" covered="2"/><counter type="CLASS" missed="0" covered="1"/></class><class name="com/kohlschutter/stringhold/IOExceptionHandler" sourcefilename="IOExceptionHandler.java"/><sourcefile name="IOSupplier.java"/><sourcefile name="FixedLengthSuppliedStringHolder.java"><line nr="26" mi="0" ci="5" mb="0" cb="0"/><line nr="27" mi="0" ci="3" mb="0" cb="0"/><line nr="28" mi="0" ci="1" mb="0" cb="0"/><line nr="32" mi="0" ci="2" mb="0" cb="0"/><line nr="37" mi="0" ci="3" mb="0" cb="0"/><line nr="42" mi="0" ci="5" mb="0" cb="2"/><line nr="43" mi="0" ci="2" mb="0" cb="0"/><line nr="44" mi="0" ci="9" mb="0" cb="0"/><line nr="47" mi="0" ci="1" mb="0" cb="0"/><counter type="INSTRUCTION" missed="0" covered="31"/><counter type="BRANCH" missed="0" covered="2"/><counter type="LINE" missed="0" covered="9"/><counter type="COMPLEXITY" missed="0" covered="5"/><counter type="METHOD" missed="0" covered="4"/><counter type="CLASS" missed="0" covered="1"/></sourcefile><sourcefile name="CachedIOSupplier.java"><line nr="33" mi="0" ci="5" mb="0" cb="0"/><line nr="49" mi="0" ci="2" mb="0" cb="0"/><line nr="50" mi="0" ci="3" mb="0" cb="0"/><line nr="51" mi="0" ci="3" mb="0" cb="0"/><line nr="52" mi="0" ci="2" mb="0" cb="2"/><line nr="53" mi="0" ci="4" mb="0" cb="0"/><line nr="55" mi="0" ci="1" mb="0" cb="0"/><line nr="60" mi="0" ci="6" mb="0" cb="2"/><line nr="61" mi="0" ci="4" mb="0" cb="0"/><line nr="62" mi="0" ci="3" mb="0" cb="0"/><line nr="63" mi="0" ci="2" mb="0" cb="0"/><line nr="65" mi="0" ci="4" mb="0" cb="0"/><counter type="INSTRUCTION" missed="0" covered="39"/><counter type="BRANCH" missed="0" covered="4"/><counter type="LINE" missed="0" covered="12"/><counter type="COMPLEXITY" missed="0" covered="4"/><counter type="METHOD" missed="0" covered="2"/><counter type="CLASS" missed="0" covered="1"/></sourcefile><sourcefile name="StringHolder.java"><line nr="54" mi="0" ci="3" mb="0" cb="0"/><line nr="56" mi="0" ci="3" mb="0" cb="0"/><line nr="63" mi="0" ci="3" mb="0" cb="0"/><line nr="64" mi="0" ci="1" mb="0" cb="0"/><line nr="73" mi="0" ci="4" mb="0" cb="0"/><line nr="74" mi="0" ci="1" mb="0" cb="0"/><line nr="84" mi="0" ci="2" mb="0" cb="0"/><line nr="85" mi="0" ci="2" mb="0" cb="2"/><line nr="86" mi="0" ci="5" mb="0" cb="0"/><line nr="88" mi="0" ci="3" mb="0" cb="0"/><line nr="89" mi="0" ci="5" mb="0" cb="0"/><line nr="90" mi="0" ci="1" mb="0" cb="0"/><line nr="101" mi="0" ci="4" mb="0" cb="0"/><line nr="114" mi="0" ci="7" mb="0" cb="0"/><line nr="128" mi="0" ci="7" mb="0" cb="0"/><line nr="143" mi="0" ci="7" mb="0" cb="0"/><line nr="157" mi="0" ci="2" mb="0" cb="2"/><line nr="158" mi="0" ci="2" mb="0" cb="0"/><line nr="160" mi="0" ci="6" mb="0" cb="0"/><line nr="172" mi="0" ci="8" mb="0" cb="0"/><line nr="185" mi="0" ci="8" mb="0" cb="0"/><line nr="198" mi="0" ci="8" mb="0" cb="0"/><line nr="212" mi="0" ci="8" mb="0" cb="0"/><line nr="225" mi="0" ci="2" mb="0" cb="2"/><line nr="226" mi="0" ci="2" mb="0" cb="0"/><line nr="228" mi="0" ci="3" mb="0" cb="2"/><line nr="229" mi="0" ci="3" mb="0" cb="0"/><line nr="230" mi="0" ci="3" mb="0" cb="2"/><line nr="231" mi="0" ci="2" mb="0" cb="0"/><line nr="233" mi="0" ci="5" mb="0" cb="0"/><line nr="234" mi="0" ci="3" mb="0" cb="2"/><line nr="235" mi="0" ci="3" mb="0" cb="0"/><line nr="237" mi="0" ci="3" mb="0" cb="2"/><line nr="238" mi="0" ci="4" mb="0" cb="2"/><line nr="239" mi="0" ci="2" mb="0" cb="0"/><line nr="242" mi="0" ci="3" mb="0" cb="0"/><line nr="243" mi="0" ci="3" mb="0" cb="2"/><line nr="244" mi="0" ci="2" mb="0" cb="0"/><line nr="246" mi="0" ci="5" mb="0" cb="0"/><line nr="262" mi="0" ci="3" mb="0" cb="0"/><line nr="274" mi="0" ci="3" mb="0" cb="0"/><line nr="288" mi="0" ci="6" mb="0" cb="0"/><line nr="292" mi="0" ci="3" mb="0" cb="0"/><line nr="293" mi="0" ci="3" mb="0" cb="0"/><line nr="295" mi="0" ci="3" mb="0" cb="2"/><line nr="296" mi="0" ci="3" mb="0" cb="2"/><line nr="298" mi="0" ci="7" mb="0" cb="0"/><line nr="300" mi="0" ci="2" mb="0" cb="2"/><line nr="301" mi="0" ci="2" mb="0" cb="0"/><line nr="302" mi="0" ci="6" mb="0" cb="0"/><line nr="303" mi="0" ci="5" mb="0" cb="0"/><line nr="305" mi="0" ci="5" mb="0" cb="0"/><line nr="309" mi="0" ci="10" mb="0" cb="0"/><line nr="311" mi="0" ci="3" mb="0" cb="0"/><line nr="312" mi="0" ci="2" mb="0" cb="2"/><line nr="314" mi="0" ci="11" mb="0" cb="0"/><line nr="315" mi="0" ci="1" mb="0" cb="0"/><line nr="316" mi="0" ci="2" mb="0" cb="0"/><line nr="317" mi="0" ci="2" mb="0" cb="0"/><line nr="318" mi="0" ci="1" mb="0" cb="0"/><line nr="321" mi="0" ci="2" mb="0" cb="0"/><line nr="337" mi="0" ci="3" mb="0" cb="0"/><line nr="338" mi="0" ci="3" mb="0" cb="0"/><line nr="340" mi="0" ci="2" mb="0" cb="2"/><line nr="341" mi="0" ci="3" mb="0" cb="2"/><line nr="342" mi="0" ci="9" mb="0" cb="0"/><line nr="344" mi="0" ci="5" mb="0" cb="0"/><line nr="346" mi="0" ci="8" mb="0" cb="2"/><line nr="348" mi="0" ci="3" mb="0" cb="0"/><line nr="350" mi="0" ci="9" mb="0" cb="0"/><line nr="352" mi="0" ci="3" mb="0" cb="0"/><line nr="353" mi="0" ci="2" mb="0" cb="2"/><line nr="355" mi="0" ci="11" mb="0" cb="0"/><line nr="356" mi="0" ci="1" mb="0" cb="0"/><line nr="357" mi="0" ci="2" mb="0" cb="0"/><line nr="358" mi="0" ci="2" mb="0" cb="0"/><line nr="359" mi="0" ci="1" mb="0" cb="0"/><line nr="361" mi="0" ci="1" mb="0" cb="0"/><line nr="371" mi="0" ci="3" mb="0" cb="2"/><line nr="372" mi="0" ci="3" mb="0" cb="0"/><line nr="374" mi="0" ci="6" mb="0" cb="0"/><line nr="388" mi="0" ci="4" mb="0" cb="0"/><line nr="397" mi="0" ci="7" mb="0" cb="2"/><line nr="406" mi="0" ci="3" mb="0" cb="2"/><line nr="407" mi="0" ci="2" mb="0" cb="0"/><line nr="408" mi="0" ci="6" mb="0" cb="4"/><line nr="409" mi="0" ci="2" mb="0" cb="0"/><line nr="413" mi="0" ci="12" mb="0" cb="4"/><line nr="419" mi="0" ci="10" mb="0" cb="4"/><line nr="434" mi="0" ci="3" mb="0" cb="0"/><line nr="439" mi="0" ci="4" mb="0" cb="0"/><line nr="445" mi="0" ci="2" mb="0" cb="2"/><line nr="446" mi="0" ci="2" mb="0" cb="0"/><line nr="447" mi="0" ci="3" mb="0" cb="2"/><line nr="448" mi="0" ci="2" mb="0" cb="0"/><line nr="449" mi="0" ci="3" mb="0" cb="2"/><line nr="450" mi="0" ci="5" mb="0" cb="0"/><line nr="451" mi="0" ci="3" mb="0" cb="2"/><line nr="452" mi="0" ci="5" mb="0" cb="0"/><line nr="454" mi="0" ci="2" mb="0" cb="0"/><line nr="459" mi="0" ci="8" mb="0" cb="4"/><line nr="460" mi="0" ci="2" mb="0" cb="0"/><line nr="462" mi="0" ci="5" mb="0" cb="0"/><line nr="467" mi="0" ci="3" mb="0" cb="2"/><line nr="468" mi="0" ci="8" mb="0" cb="4"/><line nr="469" mi="0" ci="2" mb="0" cb="0"/><line nr="471" mi="0" ci="3" mb="0" cb="2"/><line nr="472" mi="0" ci="8" mb="0" cb="4"/><line nr="473" mi="0" ci="2" mb="0" cb="0"/><line nr="477" mi="0" ci="5" mb="0" cb="0"/><line nr="488" mi="0" ci="4" mb="0" cb="0"/><line nr="489" mi="0" ci="1" mb="0" cb="0"/><line nr="498" mi="0" ci="4" mb="0" cb="0"/><line nr="499" mi="0" ci="1" mb="0" cb="0"/><line nr="508" mi="0" ci="4" mb="0" cb="0"/><line nr="509" mi="0" ci="1" mb="0" cb="0"/><line nr="519" mi="0" ci="4" mb="0" cb="0"/><line nr="520" mi="0" ci="1" mb="0" cb="0"/><line nr="532" mi="0" ci="3" mb="0" cb="2"/><line nr="533" mi="0" ci="5" mb="0" cb="0"/><line nr="534" mi="0" ci="3" mb="0" cb="2"/><line nr="535" mi="0" ci="5" mb="0" cb="0"/><line nr="536" mi="0" ci="3" mb="0" cb="2"/><line nr="537" mi="0" ci="5" mb="0" cb="0"/><line nr="539" mi="0" ci="4" mb="0" cb="0"/><line nr="553" mi="0" ci="3" mb="0" cb="2"/><line nr="554" mi="0" ci="3" mb="0" cb="0"/><line nr="555" mi="0" ci="6" mb="0" cb="0"/><line nr="557" mi="0" ci="4" mb="0" cb="0"/><line nr="558" mi="0" ci="4" mb="0" cb="2"/><line nr="559" mi="0" ci="5" mb="0" cb="0"/><line nr="562" mi="0" ci="2" mb="0" cb="0"/><line nr="575" mi="0" ci="3" mb="0" cb="2"/><line nr="576" mi="0" ci="3" mb="0" cb="0"/><line nr="577" mi="0" ci="6" mb="0" cb="0"/><line nr="579" mi="0" ci="4" mb="0" cb="0"/><line nr="580" mi="0" ci="4" mb="0" cb="2"/><line nr="581" mi="0" ci="5" mb="0" cb="0"/><line nr="584" mi="0" ci="2" mb="0" cb="0"/><line nr="598" mi="0" ci="3" mb="0" cb="2"/><line nr="599" mi="0" ci="3" mb="0" cb="0"/><line nr="600" mi="0" ci="6" mb="0" cb="0"/><line nr="602" mi="0" ci="4" mb="0" cb="0"/><line nr="603" mi="0" ci="4" mb="0" cb="2"/><line nr="604" mi="0" ci="5" mb="0" cb="0"/><line nr="607" mi="0" ci="2" mb="0" cb="0"/><line nr="624" mi="0" ci="3" mb="0" cb="0"/><line nr="625" mi="0" ci="4" mb="0" cb="0"/><line nr="626" mi="0" ci="3" mb="0" cb="0"/><line nr="638" mi="0" ci="3" mb="0" cb="0"/><line nr="639" mi="0" ci="4" mb="0" cb="0"/><line nr="640" mi="0" ci="3" mb="0" cb="0"/><line nr="652" mi="0" ci="3" mb="0" cb="0"/><line nr="653" mi="0" ci="4" mb="0" cb="0"/><line nr="654" mi="0" ci="3" mb="0" cb="0"/><line nr="668" mi="0" ci="4" mb="0" cb="0"/><line nr="673" mi="0" ci="3" mb="0" cb="2"/><line nr="674" mi="0" ci="3" mb="0" cb="0"/><line nr="675" mi="0" ci="6" mb="0" cb="0"/><line nr="677" mi="0" ci="4" mb="0" cb="0"/><line nr="678" mi="0" ci="4" mb="0" cb="2"/><line nr="679" mi="0" ci="5" mb="0" cb="0"/><line nr="682" mi="0" ci="2" mb="0" cb="0"/><line nr="687" mi="0" ci="3" mb="0" cb="0"/><line nr="688" mi="0" ci="2" mb="0" cb="2"/><line nr="689" mi="0" ci="2" mb="0" cb="0"/><line nr="691" mi="0" ci="8" mb="0" cb="0"/><line nr="692" mi="0" ci="7" mb="0" cb="0"/><line nr="694" mi="0" ci="3" mb="0" cb="0"/><line nr="695" mi="0" ci="2" mb="0" cb="0"/><line nr="705" mi="0" ci="1" mb="0" cb="0"/><line nr="718" mi="0" ci="3" mb="0" cb="0"/><line nr="719" mi="0" ci="1" mb="0" cb="0"/><line nr="728" mi="0" ci="3" mb="0" cb="0"/><line nr="729" mi="0" ci="2" mb="0" cb="2"/><line nr="730" mi="0" ci="5" mb="0" cb="0"/><line nr="732" mi="0" ci="3" mb="0" cb="0"/><line nr="744" mi="0" ci="3" mb="0" cb="0"/><line nr="754" mi="0" ci="3" mb="0" cb="0"/><line nr="755" mi="0" ci="3" mb="0" cb="0"/><line nr="756" mi="0" ci="2" mb="0" cb="2"/><line nr="757" mi="0" ci="3" mb="0" cb="0"/><line nr="759" mi="0" ci="1" mb="0" cb="0"/><line nr="768" mi="0" ci="3" mb="0" cb="0"/><line nr="769" mi="0" ci="3" mb="0" cb="0"/><line nr="770" mi="0" ci="2" mb="0" cb="2"/><line nr="771" mi="0" ci="3" mb="0" cb="0"/><line nr="773" mi="0" ci="1" mb="0" cb="0"/><line nr="782" mi="0" ci="10" mb="0" cb="0"/><line nr="792" mi="0" ci="3" mb="0" cb="0"/><line nr="803" mi="0" ci="3" mb="0" cb="0"/><line nr="804" mi="0" ci="2" mb="0" cb="2"/><line nr="806" mi="0" ci="3" mb="0" cb="0"/><line nr="807" mi="0" ci="1" mb="0" cb="0"/><line nr="808" mi="0" ci="2" mb="0" cb="0"/><line nr="809" mi="0" ci="2" mb="0" cb="0"/><line nr="810" mi="0" ci="1" mb="0" cb="0"/><line nr="813" mi="0" ci="2" mb="0" cb="2"/><line nr="815" mi="0" ci="3" mb="0" cb="0"/><line nr="816" mi="0" ci="1" mb="0" cb="0"/><line nr="817" mi="0" ci="2" mb="0" cb="0"/><line nr="818" mi="0" ci="2" mb="0" cb="0"/><line nr="819" mi="0" ci="1" mb="0" cb="0"/><line nr="821" mi="0" ci="3" mb="0" cb="0"/><line nr="822" mi="0" ci="2" mb="0" cb="0"/><line nr="827" mi="0" ci="5" mb="0" cb="0"/><line nr="832" mi="0" ci="6" mb="0" cb="4"/><line nr="833" mi="0" ci="2" mb="0" cb="0"/><line nr="835" mi="0" ci="6" mb="0" cb="0"/><counter type="INSTRUCTION" missed="0" covered="763"/><counter type="BRANCH" missed="0" covered="114"/><counter type="LINE" missed="0" covered="209"/><counter type="COMPLEXITY" missed="0" covered="111"/><counter type="METHOD" missed="0" covered="54"/><counter type="CLASS" missed="0" covered="1"/></sourcefile><sourcefile name="IOExceptionHandler.java"><line nr="40" mi="0" ci="3" mb="0" cb="0"/><line nr="44" mi="0" ci="6" mb="0" cb="0"/><line nr="49" mi="0" ci="6" mb="0" cb="0"/><line nr="54" mi="0" ci="6" mb="0" cb="0"/><line nr="60" mi="0" ci="6" mb="0" cb="0"/><line nr="65" mi="0" ci="6" mb="0" cb="0"/><counter type="INSTRUCTION" missed="0" covered="33"/><counter type="LINE" missed="0" covered="6"/><counter type="COMPLEXITY" missed="0" covered="1"/><counter type="METHOD" missed="0" covered="1"/><counter type="CLASS" missed="0" covered="1"/></sourcefile><sourcefile name="StringHolderScope.java"><line nr="51" mi="0" ci="1" mb="0" cb="0"/><line nr="60" mi="0" ci="1" mb="0" cb="0"/><line nr="68" mi="0" ci="1" mb="0" cb="0"/><counter type="INSTRUCTION" missed="0" covered="3"/><counter type="LINE" missed="0" covered="3"/><counter type="COMPLEXITY" missed="0" covered="3"/><counter type="METHOD" missed="0" covered="3"/><counter type="CLASS" missed="0" covered="1"/></sourcefile><sourcefile name="StringHolderSequence.java"><line nr="34" mi="0" ci="5" mb="0" cb="0"/><line nr="40" mi="0" ci="3" mb="0" cb="0"/><line nr="41" mi="0" ci="1" mb="0" cb="0"/><line nr="44" mi="0" ci="3" mb="0" cb="0"/><line nr="45" mi="0" ci="2" mb="0" cb="2"/><line nr="46" mi="0" ci="1" mb="0" cb="0"/><line nr="49" mi="0" ci="2" mb="0" cb="0"/><line nr="50" mi="0" ci="5" mb="0" cb="0"/><line nr="51" mi="0" ci="4" mb="0" cb="0"/><line nr="52" mi="0" ci="1" mb="0" cb="0"/><line nr="55" mi="0" ci="4" mb="0" cb="2"/><line nr="56" mi="0" ci="4" mb="0" cb="0"/><line nr="57" mi="0" ci="1" mb="0" cb="0"/><line nr="60" mi="0" ci="2" mb="0" cb="0"/><line nr="61" mi="0" ci="5" mb="0" cb="0"/><line nr="62" mi="0" ci="4" mb="0" cb="0"/><line nr="63" mi="0" ci="1" mb="0" cb="0"/><line nr="77" mi="0" ci="2" mb="0" cb="0"/><line nr="82" mi="0" ci="3" mb="0" cb="2"/><line nr="83" mi="0" ci="2" mb="0" cb="0"/><line nr="86" mi="0" ci="3" mb="0" cb="2"/><line nr="87" mi="0" ci="9" mb="0" cb="0"/><line nr="88" mi="0" ci="3" mb="0" cb="2"/><line nr="89" mi="0" ci="9" mb="0" cb="0"/><line nr="90" mi="0" ci="3" mb="0" cb="2"/><line nr="91" mi="0" ci="9" mb="0" cb="0"/><line nr="93" mi="0" ci="7" mb="0" cb="0"/><line nr="95" mi="0" ci="2" mb="0" cb="0"/><line nr="100" mi="0" ci="4" mb="0" cb="0"/><line nr="101" mi="0" ci="2" mb="0" cb="0"/><line nr="111" mi="0" ci="3" mb="0" cb="0"/><line nr="112" mi="0" ci="2" mb="0" cb="0"/><line nr="122" mi="0" ci="3" mb="0" cb="2"/><line nr="123" mi="0" ci="7" mb="0" cb="0"/><line nr="125" mi="0" ci="2" mb="0" cb="0"/><line nr="135" mi="0" ci="3" mb="0" cb="0"/><line nr="136" mi="0" ci="2" mb="0" cb="2"/><line nr="137" mi="0" ci="4" mb="0" cb="0"/><line nr="139" mi="0" ci="2" mb="0" cb="0"/><line nr="149" mi="0" ci="3" mb="0" cb="0"/><line nr="151" mi="0" ci="16" mb="0" cb="2"/><line nr="152" mi="0" ci="4" mb="0" cb="0"/><line nr="154" mi="0" ci="2" mb="0" cb="0"/><line nr="164" mi="0" ci="3" mb="0" cb="0"/><line nr="166" mi="0" ci="9" mb="0" cb="2"/><line nr="167" mi="0" ci="4" mb="0" cb="0"/><line nr="168" mi="0" ci="1" mb="0" cb="0"/><line nr="169" mi="0" ci="2" mb="0" cb="0"/><line nr="181" mi="0" ci="3" mb="0" cb="2"/><line nr="182" mi="0" ci="5" mb="0" cb="0"/><line nr="183" mi="0" ci="3" mb="0" cb="2"/><line nr="184" mi="0" ci="5" mb="0" cb="0"/><line nr="185" mi="0" ci="3" mb="0" cb="2"/><line nr="186" mi="0" ci="5" mb="0" cb="0"/><line nr="188" mi="0" ci="5" mb="0" cb="0"/><line nr="194" mi="0" ci="2" mb="0" cb="0"/><line nr="195" mi="0" ci="10" mb="0" cb="2"/><line nr="196" mi="0" ci="3" mb="0" cb="2"/><line nr="197" mi="0" ci="3" mb="0" cb="0"/><line nr="198" mi="0" ci="3" mb="0" cb="2"/><line nr="199" mi="0" ci="1" mb="0" cb="0"/><line nr="202" mi="0" ci="6" mb="0" cb="0"/><line nr="203" mi="0" ci="1" mb="0" cb="0"/><line nr="204" mi="0" ci="3" mb="0" cb="0"/><line nr="205" mi="0" ci="5" mb="0" cb="0"/><line nr="206" mi="0" ci="4" mb="0" cb="0"/><line nr="208" mi="0" ci="1" mb="0" cb="0"/><line nr="209" mi="0" ci="2" mb="0" cb="0"/><line nr="214" mi="0" ci="7" mb="0" cb="0"/><line nr="216" mi="0" ci="2" mb="0" cb="0"/><line nr="217" mi="0" ci="10" mb="0" cb="2"/><line nr="218" mi="0" ci="3" mb="0" cb="2"/><line nr="219" mi="0" ci="3" mb="0" cb="0"/><line nr="220" mi="0" ci="3" mb="0" cb="2"/><line nr="221" mi="0" ci="1" mb="0" cb="0"/><line nr="224" mi="0" ci="6" mb="0" cb="0"/><line nr="225" mi="0" ci="1" mb="0" cb="0"/><line nr="226" mi="0" ci="3" mb="0" cb="0"/><line nr="227" mi="0" ci="5" mb="0" cb="0"/><line nr="228" mi="0" ci="4" mb="0" cb="0"/><line nr="230" mi="0" ci="1" mb="0" cb="0"/><line nr="231" mi="0" ci="2" mb="0" cb="0"/><line nr="236" mi="0" ci="7" mb="0" cb="0"/><line nr="238" mi="0" ci="2" mb="0" cb="0"/><line nr="239" mi="0" ci="10" mb="0" cb="2"/><line nr="240" mi="0" ci="3" mb="0" cb="2"/><line nr="241" mi="0" ci="3" mb="0" cb="0"/><line nr="242" mi="0" ci="3" mb="0" cb="2"/><line nr="243" mi="0" ci="1" mb="0" cb="0"/><line nr="246" mi="0" ci="6" mb="0" cb="0"/><line nr="247" mi="0" ci="1" mb="0" cb="0"/><line nr="248" mi="0" ci="3" mb="0" cb="0"/><line nr="249" mi="0" ci="5" mb="0" cb="0"/><line nr="250" mi="0" ci="4" mb="0" cb="0"/><line nr="252" mi="0" ci="1" mb="0" cb="0"/><line nr="253" mi="0" ci="2" mb="0" cb="0"/><line nr="264" mi="0" ci="2" mb="0" cb="0"/><line nr="265" mi="0" ci="10" mb="0" cb="2"/><line nr="266" mi="0" ci="3" mb="0" cb="2"/><line nr="267" mi="0" ci="3" mb="0" cb="0"/><line nr="268" mi="0" ci="3" mb="0" cb="2"/><line nr="269" mi="0" ci="1" mb="0" cb="0"/><line nr="272" mi="0" ci="3" mb="0" cb="2"/><line nr="273" mi="0" ci="8" mb="0" cb="0"/><line nr="275" mi="0" ci="5" mb="0" cb="0"/><line nr="276" mi="0" ci="4" mb="0" cb="0"/><line nr="278" mi="0" ci="1" mb="0" cb="0"/><line nr="279" mi="0" ci="3" mb="0" cb="0"/><line nr="280" mi="0" ci="5" mb="0" cb="0"/><line nr="281" mi="0" ci="4" mb="0" cb="0"/><line nr="283" mi="0" ci="1" mb="0" cb="0"/><line nr="284" mi="0" ci="2" mb="0" cb="0"/><line nr="289" mi="0" ci="8" mb="0" cb="0"/><line nr="290" mi="0" ci="4" mb="0" cb="0"/><line nr="292" mi="0" ci="4" mb="0" cb="0"/><line nr="295" mi="0" ci="2" mb="0" cb="2"/><line nr="296" mi="0" ci="3" mb="0" cb="0"/><line nr="298" mi="0" ci="3" mb="0" cb="0"/><line nr="299" mi="0" ci="4" mb="0" cb="0"/><line nr="302" mi="0" ci="3" mb="0" cb="0"/><line nr="304" mi="0" ci="2" mb="0" cb="0"/><line nr="309" mi="0" ci="4" mb="0" cb="2"/><line nr="310" mi="0" ci="5" mb="0" cb="0"/><line nr="313" mi="0" ci="7" mb="0" cb="0"/><line nr="314" mi="0" ci="4" mb="0" cb="0"/><line nr="315" mi="0" ci="2" mb="0" cb="2"/><line nr="316" mi="0" ci="5" mb="0" cb="0"/><line nr="319" mi="0" ci="6" mb="0" cb="0"/><line nr="323" mi="0" ci="3" mb="0" cb="0"/><line nr="325" mi="0" ci="3" mb="0" cb="0"/><line nr="331" mi="0" ci="2" mb="0" cb="0"/><line nr="332" mi="0" ci="3" mb="0" cb="0"/><line nr="333" mi="0" ci="1" mb="0" cb="0"/><line nr="336" mi="0" ci="3" mb="0" cb="2"/><line nr="337" mi="0" ci="5" mb="0" cb="0"/><line nr="339" mi="0" ci="1" mb="0" cb="0"/><line nr="343" mi="0" ci="2" mb="0" cb="0"/><line nr="344" mi="0" ci="2" mb="0" cb="0"/><line nr="349" mi="0" ci="3" mb="0" cb="2"/><line nr="350" mi="0" ci="3" mb="0" cb="0"/><line nr="352" mi="0" ci="1" mb="0" cb="0"/><line nr="355" mi="0" ci="3" mb="0" cb="2"/><line nr="356" mi="0" ci="4" mb="0" cb="0"/><line nr="357" mi="0" ci="4" mb="0" cb="2"/><line nr="358" mi="0" ci="3" mb="0" cb="0"/><line nr="359" mi="0" ci="3" mb="0" cb="0"/><line nr="361" mi="0" ci="2" mb="0" cb="0"/><line nr="364" mi="0" ci="4" mb="0" cb="2"/><line nr="365" mi="0" ci="6" mb="0" cb="0"/><line nr="366" mi="0" ci="3" mb="0" cb="0"/><line nr="367" mi="0" ci="4" mb="0" cb="0"/><line nr="368" mi="0" ci="2" mb="0" cb="2"/><line nr="369" mi="0" ci="2" mb="0" cb="0"/><line nr="371" mi="0" ci="1" mb="0" cb="0"/><line nr="372" mi="0" ci="3" mb="0" cb="0"/><line nr="373" mi="0" ci="2" mb="0" cb="0"/><line nr="379" mi="0" ci="3" mb="0" cb="0"/><line nr="380" mi="0" ci="2" mb="0" cb="2"/><line nr="381" mi="0" ci="2" mb="0" cb="0"/><line nr="384" mi="0" ci="12" mb="0" cb="0"/><line nr="385" mi="0" ci="11" mb="0" cb="0"/><line nr="386" mi="0" ci="6" mb="0" cb="0"/><line nr="387" mi="0" ci="2" mb="0" cb="0"/><line nr="392" mi="0" ci="3" mb="0" cb="0"/><line nr="393" mi="0" ci="2" mb="0" cb="2"/><line nr="394" mi="0" ci="2" mb="0" cb="0"/><line nr="396" mi="0" ci="11" mb="0" cb="0"/><counter type="INSTRUCTION" missed="0" covered="611"/><counter type="BRANCH" missed="0" covered="74"/><counter type="LINE" missed="0" covered="167"/><counter type="COMPLEXITY" missed="0" covered="62"/><counter type="METHOD" missed="0" covered="25"/><counter type="CLASS" missed="0" covered="2"/></sourcefile><sourcefile name="SimpleStringHolder.java"><line nr="28" mi="0" ci="6" mb="0" cb="0"/><line nr="31" mi="0" ci="4" mb="0" cb="0"/><line nr="32" mi="0" ci="3" mb="0" cb="0"/><line nr="33" mi="0" ci="1" mb="0" cb="0"/><counter type="INSTRUCTION" missed="0" covered="14"/><counter type="LINE" missed="0" covered="4"/><counter type="COMPLEXITY" missed="0" covered="2"/><counter type="METHOD" missed="0" covered="2"/><counter type="CLASS" missed="0" covered="1"/></sourcefile><sourcefile name="LazyInitReaderReleaseShim.java"><line nr="24" mi="0" ci="3" mb="0" cb="0"/><line nr="25" mi="0" ci="6" mb="0" cb="0"/><line nr="29" mi="0" ci="6" mb="0" cb="0"/><line nr="35" mi="0" ci="5" mb="0" cb="0"/><counter type="INSTRUCTION" missed="0" covered="20"/><counter type="LINE" missed="0" covered="4"/><counter type="COMPLEXITY" missed="0" covered="4"/><counter type="METHOD" missed="0" covered="4"/><counter type="CLASS" missed="0" covered="2"/></sourcefile><sourcefile name="StringSequence.java"><line nr="31" mi="0" ci="2" mb="0" cb="0"/><line nr="32" mi="0" ci="1" mb="0" cb="0"/><line nr="36" mi="0" ci="2" mb="0" cb="0"/><counter type="INSTRUCTION" missed="0" covered="5"/><counter type="LINE" missed="0" covered="3"/><counter type="COMPLEXITY" missed="0" covered="2"/><counter type="METHOD" missed="0" covered="2"/><counter type="CLASS" missed="0" covered="1"/></sourcefile><sourcefile name="ReaderStringHolder.java"><line nr="49" mi="0" ci="4" mb="0" cb="0"/><line nr="50" mi="0" ci="5" mb="0" cb="0"/><line nr="51" mi="0" ci="5" mb="0" cb="0"/><line nr="52" mi="0" ci="1" mb="0" cb="0"/><line nr="56" mi="0" ci="4" mb="0" cb="0"/><line nr="61" mi="0" ci="3" mb="0" cb="0"/><line nr="62" mi="0" ci="2" mb="0" cb="0"/><line nr="64" mi="0" ci="3" mb="0" cb="0"/><line nr="65" mi="0" ci="3" mb="0" cb="0"/><line nr="67" mi="0" ci="6" mb="0" cb="2"/><line nr="68" mi="0" ci="6" mb="0" cb="0"/><line nr="69" mi="0" ci="4" mb="0" cb="0"/><line nr="70" mi="0" ci="4" mb="0" cb="0"/><line nr="73" mi="0" ci="4" mb="0" cb="0"/><line nr="74" mi="0" ci="1" mb="0" cb="0"/><line nr="75" mi="0" ci="5" mb="0" cb="0"/><line nr="76" mi="0" ci="2" mb="0" cb="0"/><line nr="91" mi="0" ci="3" mb="0" cb="0"/><line nr="92" mi="0" ci="2" mb="0" cb="0"/><line nr="94" mi="0" ci="3" mb="0" cb="0"/><line nr="96" mi="0" ci="6" mb="0" cb="2"/><line nr="97" mi="0" ci="5" mb="0" cb="0"/><line nr="98" mi="0" ci="5" mb="0" cb="0"/><line nr="100" mi="0" ci="4" mb="0" cb="0"/><line nr="101" mi="0" ci="1" mb="0" cb="0"/><line nr="102" mi="0" ci="5" mb="0" cb="0"/><line nr="103" mi="0" ci="2" mb="0" cb="0"/><line nr="109" mi="0" ci="2" mb="0" cb="0"/><line nr="110" mi="0" ci="3" mb="0" cb="0"/><line nr="111" mi="0" ci="3" mb="0" cb="0"/><line nr="113" mi="0" ci="6" mb="0" cb="2"/><line nr="114" mi="0" ci="6" mb="0" cb="0"/><line nr="115" mi="0" ci="5" mb="0" cb="0"/><line nr="117" mi="0" ci="1" mb="0" cb="0"/><line nr="118" mi="0" ci="7" mb="0" cb="0"/><line nr="119" mi="0" ci="1" mb="0" cb="0"/><line nr="120" mi="0" ci="2" mb="0" cb="0"/><line nr="125" mi="0" ci="2" mb="0" cb="0"/><line nr="126" mi="0" ci="3" mb="0" cb="0"/><line nr="128" mi="0" ci="3" mb="0" cb="0"/><line nr="130" mi="0" ci="6" mb="0" cb="2"/><line nr="131" mi="0" ci="6" mb="0" cb="0"/><line nr="132" mi="0" ci="5" mb="0" cb="0"/><line nr="134" mi="0" ci="1" mb="0" cb="0"/><line nr="135" mi="0" ci="7" mb="0" cb="0"/><line nr="136" mi="0" ci="1" mb="0" cb="0"/><line nr="138" mi="0" ci="2" mb="0" cb="0"/><line nr="144" mi="0" ci="5" mb="0" cb="0"/><line nr="145" mi="0" ci="3" mb="0" cb="2"/><line nr="146" mi="0" ci="6" mb="0" cb="0"/><line nr="149" mi="0" ci="2" mb="0" cb="0"/><line nr="151" mi="0" ci="8" mb="0" cb="3"/><line nr="153" mi="0" ci="3" mb="0" cb="0"/><line nr="155" mi="0" ci="4" mb="0" cb="0"/><line nr="156" mi="0" ci="1" mb="0" cb="0"/><line nr="158" mi="0" ci="1" mb="0" cb="0"/><line nr="159" mi="0" ci="3" mb="0" cb="0"/><line nr="161" mi="0" ci="4" mb="0" cb="0"/><line nr="162" mi="0" ci="6" mb="0" cb="0"/><line nr="163" mi="0" ci="3" mb="0" cb="0"/><line nr="165" mi="0" ci="4" mb="0" cb="0"/><line nr="166" mi="0" ci="1" mb="0" cb="0"/><line nr="168" mi="0" ci="1" mb="0" cb="0"/><line nr="169" mi="0" ci="3" mb="0" cb="0"/><line nr="172" mi="0" ci="2" mb="0" cb="0"/><line nr="178" mi="0" ci="4" mb="0" cb="0"/><line nr="179" mi="0" ci="3" mb="0" cb="0"/><line nr="180" mi="0" ci="3" mb="0" cb="0"/><line nr="181" mi="0" ci="1" mb="0" cb="0"/><line nr="182" mi="0" ci="5" mb="0" cb="0"/><line nr="183" mi="0" ci="3" mb="0" cb="2"/><line nr="184" mi="0" ci="6" mb="0" cb="0"/><line nr="187" mi="0" ci="2" mb="0" cb="0"/><line nr="188" mi="0" ci="8" mb="0" cb="4"/><line nr="190" mi="0" ci="1" mb="0" cb="0"/><line nr="192" mi="0" ci="3" mb="0" cb="0"/><line nr="194" mi="0" ci="4" mb="0" cb="0"/><line nr="195" mi="0" ci="6" mb="0" cb="0"/><line nr="196" mi="0" ci="5" mb="0" cb="0"/><line nr="197" mi="0" ci="1" mb="0" cb="0"/><line nr="199" mi="0" ci="2" mb="0" cb="0"/><line nr="201" mi="0" ci="1" mb="0" cb="0"/><line nr="202" mi="0" ci="3" mb="0" cb="0"/><line nr="206" mi="0" ci="3" mb="0" cb="0"/><line nr="208" mi="0" ci="6" mb="0" cb="2"/><line nr="209" mi="0" ci="7" mb="0" cb="0"/><line nr="211" mi="0" ci="1" mb="0" cb="0"/><counter type="INSTRUCTION" missed="0" covered="308"/><counter type="BRANCH" missed="0" covered="21"/><counter type="LINE" missed="0" covered="87"/><counter type="COMPLEXITY" missed="0" covered="21"/><counter type="METHOD" missed="0" covered="9"/><counter type="CLASS" missed="0" covered="1"/></sourcefile><sourcefile name="CharSequenceReleaseShim.java"><line nr="20" mi="0" ci="3" mb="0" cb="0"/><line nr="23" mi="0" ci="7" mb="0" cb="2"/><line nr="27" mi="0" ci="3" mb="0" cb="0"/><counter type="INSTRUCTION" missed="0" covered="13"/><counter type="BRANCH" missed="0" covered="2"/><counter type="LINE" missed="0" covered="3"/><counter type="COMPLEXITY" missed="0" covered="4"/><counter type="METHOD" missed="0" covered="3"/><counter type="CLASS" missed="0" covered="1"/></sourcefile><sourcefile name="LazyInitReader.java"><line nr="35" mi="0" ci="6" mb="0" cb="0"/><line nr="38" mi="0" ci="6" mb="0" cb="0"/><line nr="41" mi="0" ci="2" mb="0" cb="0"/><line nr="42" mi="0" ci="3" mb="0" cb="0"/><line nr="43" mi="0" ci="1" mb="0" cb="0"/><line nr="53" mi="0" ci="10" mb="0" cb="0"/><line nr="64" mi="0" ci="5" mb="0" cb="0"/><line nr="75" mi="0" ci="8" mb="0" cb="2"/><line nr="80" mi="0" ci="4" mb="0" cb="2"/><line nr="81" mi="0" ci="5" mb="0" cb="0"/><line nr="83" mi="0" ci="8" mb="0" cb="0"/><line nr="88" mi="0" ci="3" mb="0" cb="0"/><line nr="93" mi="0" ci="5" mb="0" cb="0"/><line nr="98" mi="0" ci="4" mb="0" cb="0"/><line nr="103" mi="0" ci="5" mb="0" cb="0"/><line nr="108" mi="0" ci="7" mb="0" cb="0"/><line nr="113" mi="0" ci="5" mb="0" cb="0"/><line nr="118" mi="0" ci="4" mb="0" cb="0"/><line nr="123" mi="0" ci="4" mb="0" cb="0"/><line nr="128" mi="0" ci="4" mb="0" cb="0"/><line nr="129" mi="0" ci="1" mb="0" cb="0"/><line nr="133" mi="0" ci="3" mb="0" cb="0"/><line nr="134" mi="0" ci="1" mb="0" cb="0"/><line nr="138" mi="0" ci="3" mb="0" cb="0"/><line nr="139" mi="0" ci="1" mb="0" cb="0"/><line nr="141" mi="0" ci="7" mb="0" cb="0"/><line nr="144" mi="0" ci="8" mb="0" cb="0"/><line nr="149" mi="0" ci="5" mb="0" cb="0"/><line nr="150" mi="0" ci="1" mb="0" cb="0"/><line nr="154" mi="0" ci="6" mb="0" cb="0"/><line nr="159" mi="0" ci="5" mb="0" cb="0"/><line nr="164" mi="0" ci="6" mb="0" cb="0"/><line nr="169" mi="0" ci="6" mb="0" cb="0"/><line nr="174" mi="0" ci="5" mb="0" cb="0"/><line nr="180" mi="0" ci="5" mb="0" cb="0"/><line nr="181" mi="0" ci="1" mb="0" cb="0"/><line nr="182" mi="0" ci="2" mb="0" cb="0"/><line nr="188" mi="0" ci="5" mb="0" cb="0"/><line nr="189" mi="0" ci="1" mb="0" cb="0"/><line nr="193" mi="0" ci="4" mb="0" cb="0"/><line nr="194" mi="0" ci="1" mb="0" cb="0"/><counter type="INSTRUCTION" missed="0" covered="176"/><counter type="BRANCH" missed="0" covered="4"/><counter type="LINE" missed="0" covered="41"/><counter type="COMPLEXITY" missed="0" covered="30"/><counter type="METHOD" missed="0" covered="28"/><counter type="CLASS" missed="0" covered="2"/></sourcefile><sourcefile name="SuppliedStringHolder.java"><line nr="26" mi="0" ci="4" mb="0" cb="0"/><line nr="27" mi="0" ci="3" mb="0" cb="0"/><line nr="28" mi="0" ci="1" mb="0" cb="0"/><line nr="32" mi="0" ci="10" mb="0" cb="2"/><counter type="INSTRUCTION" missed="0" covered="18"/><counter type="BRANCH" missed="0" covered="2"/><counter type="LINE" missed="0" covered="4"/><counter type="COMPLEXITY" missed="0" covered="3"/><counter type="METHOD" missed="0" covered="2"/><counter type="CLASS" missed="0" covered="1"/></sourcefile><sourcefile name="LimitedStringHolderScope.java"><line nr="35" mi="0" ci="5" mb="0" cb="0"/><line nr="36" mi="0" ci="5" mb="0" cb="0"/><line nr="42" mi="0" ci="5" mb="0" cb="0"/><line nr="43" mi="0" ci="1" mb="0" cb="0"/><line nr="46" mi="0" ci="2" mb="0" cb="0"/><line nr="47" mi="0" ci="3" mb="0" cb="0"/><line nr="48" mi="0" ci="3" mb="0" cb="0"/><line nr="49" mi="0" ci="3" mb="0" cb="0"/><line nr="50" mi="0" ci="1" mb="0" cb="0"/><line nr="61" mi="0" ci="4" mb="0" cb="0"/><line nr="76" mi="0" ci="9" mb="0" cb="0"/><line nr="92" mi="0" ci="6" mb="0" cb="0"/><line nr="93" mi="0" ci="3" mb="0" cb="0"/><line nr="110" mi="0" ci="9" mb="0" cb="0"/><line nr="121" mi="0" ci="4" mb="0" cb="0"/><line nr="131" mi="0" ci="4" mb="0" cb="0"/><line nr="136" mi="0" ci="6" mb="0" cb="0"/><line nr="137" mi="0" ci="6" mb="0" cb="0"/><line nr="139" mi="0" ci="8" mb="0" cb="4"/><line nr="140" mi="0" ci="3" mb="0" cb="0"/><line nr="142" mi="0" ci="1" mb="0" cb="0"/><line nr="146" mi="0" ci="7" mb="0" cb="0"/><line nr="147" mi="0" ci="7" mb="0" cb="0"/><line nr="148" mi="0" ci="1" mb="0" cb="0"/><line nr="152" mi="0" ci="5" mb="0" cb="0"/><line nr="153" mi="0" ci="5" mb="0" cb="0"/><line nr="155" mi="0" ci="8" mb="0" cb="4"/><line nr="156" mi="0" ci="3" mb="0" cb="0"/><line nr="158" mi="0" ci="1" mb="0" cb="0"/><counter type="INSTRUCTION" missed="0" covered="128"/><counter type="BRANCH" missed="0" covered="8"/><counter type="LINE" missed="0" covered="29"/><counter type="COMPLEXITY" missed="0" covered="15"/><counter type="METHOD" missed="0" covered="11"/><counter type="CLASS" missed="0" covered="1"/></sourcefile><counter type="INSTRUCTION" missed="0" covered="2162"/><counter type="BRANCH" missed="0" covered="231"/><counter type="LINE" missed="0" covered="581"/><counter type="COMPLEXITY" missed="0" covered="267"/><counter type="METHOD" missed="0" covered="150"/><counter type="CLASS" missed="0" covered="17"/></package><counter type="INSTRUCTION" missed="0" covered="2162"/><counter type="BRANCH" missed="0" covered="231"/><counter type="LINE" missed="0" covered="581"/><counter type="COMPLEXITY" missed="0" covered="267"/><counter type="METHOD" missed="0" covered="150"/><counter type="CLASS" missed="0" covered="17"/></report>